CRITICAL - 2024-12-06 06:26:17 --> ErrorException: count(): Parameter must be an array or an object that implements Countable
in APPPATH\Controllers\admin\LproductController.php on line 222.
 1 [internal function]: CodeIgniter\Debug\Exceptions->errorHandler(2, 'count(): Parameter must be an array or an object that implements Countable', 'C:\\xampp\\htdocs\\ci4projects\\adventure_final\\app\\Controllers\\admin\\LproductController.php', 222, [...])
 2 APPPATH\Controllers\admin\LproductController.php(222): count('tbl_luggagee_products')
 3 SYSTEMPATH\CodeIgniter.php(941): App\Controllers\admin\LproductController->getProduct()
 4 SYSTEMPATH\CodeIgniter.php(502): CodeIgniter\CodeIgniter->runController(Object(App\Controllers\admin\LproductController))
 5 SYSTEMPATH\CodeIgniter.php(361): CodeIgniter\CodeIgniter->handleRequest(null, Object(Config\Cache), false)
 6 FCPATH\index.php(79): CodeIgniter\CodeIgniter->run()
ERROR - 2024-12-06 06:27:05 --> mysqli_sql_exception: Unknown column 'prod_id' in 'field list' in C:\xampp\htdocs\ci4projects\adventure_final\vendor\codeigniter4\framework\system\Database\MySQLi\Connection.php:306
Stack trace:
#0 C:\xampp\htdocs\ci4projects\adventure_final\vendor\codeigniter4\framework\system\Database\MySQLi\Connection.php(306): mysqli->query('SELECT DISTINCT...', 0)
#1 C:\xampp\htdocs\ci4projects\adventure_final\vendor\codeigniter4\framework\system\Database\BaseConnection.php(693): CodeIgniter\Database\MySQLi\Connection->execute('SELECT DISTINCT...')
#2 C:\xampp\htdocs\ci4projects\adventure_final\vendor\codeigniter4\framework\system\Database\BaseConnection.php(607): CodeIgniter\Database\BaseConnection->simpleQuery('SELECT DISTINCT...')
#3 C:\xampp\htdocs\ci4projects\adventure_final\app\Controllers\admin\LproductController.php(234): CodeIgniter\Database\BaseConnection->query('SELECT DISTINCT...', Array)
#4 C:\xampp\htdocs\ci4projects\adventure_final\vendor\codeigniter4\framework\system\CodeIgniter.php(941): App\Controllers\admin\LproductController->getProduct()
#5 C:\xampp\htdocs\ci4projects\adventure_final\vendor\codeigniter4\framework\system\CodeIgniter.php(502): CodeIgniter\CodeIgniter->runController(Object(App\Controllers\admin\LproductController))
#6 C:\xampp\htdocs\ci4projects\adventure_final\vendor\codeigniter4\framework\system\CodeIgniter.php(361): CodeIgniter\CodeIgniter->handleRequest(NULL, Object(Config\Cache), false)
#7 C:\xampp\htdocs\ci4projects\adventure_final\index.php(79): CodeIgniter\CodeIgniter->run()
#8 {main}
CRITICAL - 2024-12-06 06:27:05 --> CodeIgniter\Database\Exceptions\DatabaseException: Unknown column 'prod_id' in 'field list'
in SYSTEMPATH\Database\BaseConnection.php on line 647.
 1 APPPATH\Controllers\admin\LproductController.php(234): CodeIgniter\Database\BaseConnection->query('SELECT DISTINCT
            prod_id AS configid, 
            config_id,  
            tbl_name, 
            colour, 
            size, 
            soldout_status,
            config_img1,
            config_img2,
            config_img3,
            config_img4 WHERE prod_id = ? AND tbl_name = ?', [...])
 2 SYSTEMPATH\CodeIgniter.php(941): App\Controllers\admin\LproductController->getProduct()
 3 SYSTEMPATH\CodeIgniter.php(502): CodeIgniter\CodeIgniter->runController(Object(App\Controllers\admin\LproductController))
 4 SYSTEMPATH\CodeIgniter.php(361): CodeIgniter\CodeIgniter->handleRequest(null, Object(Config\Cache), false)
 5 FCPATH\index.php(79): CodeIgniter\CodeIgniter->run()
CRITICAL - 2024-12-06 06:27:05 --> [Caused by] CodeIgniter\Database\Exceptions\DatabaseException: Unknown column 'prod_id' in 'field list'
in SYSTEMPATH\Database\MySQLi\Connection.php on line 311.
 1 SYSTEMPATH\Database\BaseConnection.php(693): CodeIgniter\Database\MySQLi\Connection->execute('SELECT DISTINCT
            prod_id AS configid, 
            config_id,  
            tbl_name, 
            colour, 
            size, 
            soldout_status,
            config_img1,
            config_img2,
            config_img3,
            config_img4 WHERE prod_id = \'166\' AND tbl_name = \'tbl_luggagee_products\'')
 2 SYSTEMPATH\Database\BaseConnection.php(607): CodeIgniter\Database\BaseConnection->simpleQuery('SELECT DISTINCT
            prod_id AS configid, 
            config_id,  
            tbl_name, 
            colour, 
            size, 
            soldout_status,
            config_img1,
            config_img2,
            config_img3,
            config_img4 WHERE prod_id = \'166\' AND tbl_name = \'tbl_luggagee_products\'')
 3 APPPATH\Controllers\admin\LproductController.php(234): CodeIgniter\Database\BaseConnection->query('SELECT DISTINCT
            prod_id AS configid, 
            config_id,  
            tbl_name, 
            colour, 
            size, 
            soldout_status,
            config_img1,
            config_img2,
            config_img3,
            config_img4 WHERE prod_id = ? AND tbl_name = ?', [...])
 4 SYSTEMPATH\CodeIgniter.php(941): App\Controllers\admin\LproductController->getProduct()
 5 SYSTEMPATH\CodeIgniter.php(502): CodeIgniter\CodeIgniter->runController(Object(App\Controllers\admin\LproductController))
 6 SYSTEMPATH\CodeIgniter.php(361): CodeIgniter\CodeIgniter->handleRequest(null, Object(Config\Cache), false)
 7 FCPATH\index.php(79): CodeIgniter\CodeIgniter->run()
CRITICAL - 2024-12-06 06:27:05 --> [Caused by] mysqli_sql_exception: Unknown column 'prod_id' in 'field list'
in SYSTEMPATH\Database\MySQLi\Connection.php on line 306.
 1 SYSTEMPATH\Database\MySQLi\Connection.php(306): mysqli->query('SELECT DISTINCT
            prod_id AS configid, 
            config_id,  
            tbl_name, 
            colour, 
            size, 
            soldout_status,
            config_img1,
            config_img2,
            config_img3,
            config_img4 WHERE prod_id = \'166\' AND tbl_name = \'tbl_luggagee_products\'', 0)
 2 SYSTEMPATH\Database\BaseConnection.php(693): CodeIgniter\Database\MySQLi\Connection->execute('SELECT DISTINCT
            prod_id AS configid, 
            config_id,  
            tbl_name, 
            colour, 
            size, 
            soldout_status,
            config_img1,
            config_img2,
            config_img3,
            config_img4 WHERE prod_id = \'166\' AND tbl_name = \'tbl_luggagee_products\'')
 3 SYSTEMPATH\Database\BaseConnection.php(607): CodeIgniter\Database\BaseConnection->simpleQuery('SELECT DISTINCT
            prod_id AS configid, 
            config_id,  
            tbl_name, 
            colour, 
            size, 
            soldout_status,
            config_img1,
            config_img2,
            config_img3,
            config_img4 WHERE prod_id = \'166\' AND tbl_name = \'tbl_luggagee_products\'')
 4 APPPATH\Controllers\admin\LproductController.php(234): CodeIgniter\Database\BaseConnection->query('SELECT DISTINCT
            prod_id AS configid, 
            config_id,  
            tbl_name, 
            colour, 
            size, 
            soldout_status,
            config_img1,
            config_img2,
            config_img3,
            config_img4 WHERE prod_id = ? AND tbl_name = ?', [...])
 5 SYSTEMPATH\CodeIgniter.php(941): App\Controllers\admin\LproductController->getProduct()
 6 SYSTEMPATH\CodeIgniter.php(502): CodeIgniter\CodeIgniter->runController(Object(App\Controllers\admin\LproductController))
 7 SYSTEMPATH\CodeIgniter.php(361): CodeIgniter\CodeIgniter->handleRequest(null, Object(Config\Cache), false)
 8 FCPATH\index.php(79): CodeIgniter\CodeIgniter->run()
ERROR - 2024-12-06 07:19:09 --> mysqli_sql_exception: Unknown column 'd.prod_id' in 'field list' in C:\xampp\htdocs\ci4projects\adventure_final\vendor\codeigniter4\framework\system\Database\MySQLi\Connection.php:306
Stack trace:
#0 C:\xampp\htdocs\ci4projects\adventure_final\vendor\codeigniter4\framework\system\Database\MySQLi\Connection.php(306): mysqli->query('SELECT DISTINCT...', 0)
#1 C:\xampp\htdocs\ci4projects\adventure_final\vendor\codeigniter4\framework\system\Database\BaseConnection.php(693): CodeIgniter\Database\MySQLi\Connection->execute('SELECT DISTINCT...')
#2 C:\xampp\htdocs\ci4projects\adventure_final\vendor\codeigniter4\framework\system\Database\BaseConnection.php(607): CodeIgniter\Database\BaseConnection->simpleQuery('SELECT DISTINCT...')
#3 C:\xampp\htdocs\ci4projects\adventure_final\app\Controllers\admin\HproductController.php(201): CodeIgniter\Database\BaseConnection->query('SELECT DISTINCT...')
#4 C:\xampp\htdocs\ci4projects\adventure_final\vendor\codeigniter4\framework\system\CodeIgniter.php(941): App\Controllers\admin\HproductController->getproductList()
#5 C:\xampp\htdocs\ci4projects\adventure_final\vendor\codeigniter4\framework\system\CodeIgniter.php(502): CodeIgniter\CodeIgniter->runController(Object(App\Controllers\admin\HproductController))
#6 C:\xampp\htdocs\ci4projects\adventure_final\vendor\codeigniter4\framework\system\CodeIgniter.php(361): CodeIgniter\CodeIgniter->handleRequest(NULL, Object(Config\Cache), false)
#7 C:\xampp\htdocs\ci4projects\adventure_final\index.php(79): CodeIgniter\CodeIgniter->run()
#8 {main}
CRITICAL - 2024-12-06 07:19:09 --> CodeIgniter\Database\Exceptions\DatabaseException: Unknown column 'd.prod_id' in 'field list'
in SYSTEMPATH\Database\BaseConnection.php on line 647.
 1 APPPATH\Controllers\admin\HproductController.php(201): CodeIgniter\Database\BaseConnection->query('SELECT DISTINCT a.h_menu, d.prod_id as configid, b.* , c.h_submenu 
        FROM tbl_helmet_menu  AS a 
            INNER JOIN tbl_helmet_products AS b 
            ON a.h_menu_id = b.h_menu_id  
            INNER JOIN tbl_helmet_submenu AS c ON 
            c.h_submenu_id = b.h_submenu_id
         ORDER BY 
        h_menu ASC')
 2 SYSTEMPATH\CodeIgniter.php(941): App\Controllers\admin\HproductController->getproductList()
 3 SYSTEMPATH\CodeIgniter.php(502): CodeIgniter\CodeIgniter->runController(Object(App\Controllers\admin\HproductController))
 4 SYSTEMPATH\CodeIgniter.php(361): CodeIgniter\CodeIgniter->handleRequest(null, Object(Config\Cache), false)
 5 FCPATH\index.php(79): CodeIgniter\CodeIgniter->run()
CRITICAL - 2024-12-06 07:19:09 --> [Caused by] CodeIgniter\Database\Exceptions\DatabaseException: Unknown column 'd.prod_id' in 'field list'
in SYSTEMPATH\Database\MySQLi\Connection.php on line 311.
 1 SYSTEMPATH\Database\BaseConnection.php(693): CodeIgniter\Database\MySQLi\Connection->execute('SELECT DISTINCT a.h_menu, d.prod_id as configid, b.* , c.h_submenu 
        FROM tbl_helmet_menu  AS a 
            INNER JOIN tbl_helmet_products AS b 
            ON a.h_menu_id = b.h_menu_id  
            INNER JOIN tbl_helmet_submenu AS c ON 
            c.h_submenu_id = b.h_submenu_id
         ORDER BY 
        h_menu ASC')
 2 SYSTEMPATH\Database\BaseConnection.php(607): CodeIgniter\Database\BaseConnection->simpleQuery('SELECT DISTINCT a.h_menu, d.prod_id as configid, b.* , c.h_submenu 
        FROM tbl_helmet_menu  AS a 
            INNER JOIN tbl_helmet_products AS b 
            ON a.h_menu_id = b.h_menu_id  
            INNER JOIN tbl_helmet_submenu AS c ON 
            c.h_submenu_id = b.h_submenu_id
         ORDER BY 
        h_menu ASC')
 3 APPPATH\Controllers\admin\HproductController.php(201): CodeIgniter\Database\BaseConnection->query('SELECT DISTINCT a.h_menu, d.prod_id as configid, b.* , c.h_submenu 
        FROM tbl_helmet_menu  AS a 
            INNER JOIN tbl_helmet_products AS b 
            ON a.h_menu_id = b.h_menu_id  
            INNER JOIN tbl_helmet_submenu AS c ON 
            c.h_submenu_id = b.h_submenu_id
         ORDER BY 
        h_menu ASC')
 4 SYSTEMPATH\CodeIgniter.php(941): App\Controllers\admin\HproductController->getproductList()
 5 SYSTEMPATH\CodeIgniter.php(502): CodeIgniter\CodeIgniter->runController(Object(App\Controllers\admin\HproductController))
 6 SYSTEMPATH\CodeIgniter.php(361): CodeIgniter\CodeIgniter->handleRequest(null, Object(Config\Cache), false)
 7 FCPATH\index.php(79): CodeIgniter\CodeIgniter->run()
CRITICAL - 2024-12-06 07:19:09 --> [Caused by] mysqli_sql_exception: Unknown column 'd.prod_id' in 'field list'
in SYSTEMPATH\Database\MySQLi\Connection.php on line 306.
 1 SYSTEMPATH\Database\MySQLi\Connection.php(306): mysqli->query('SELECT DISTINCT a.h_menu, d.prod_id as configid, b.* , c.h_submenu 
        FROM tbl_helmet_menu  AS a 
            INNER JOIN tbl_helmet_products AS b 
            ON a.h_menu_id = b.h_menu_id  
            INNER JOIN tbl_helmet_submenu AS c ON 
            c.h_submenu_id = b.h_submenu_id
         ORDER BY 
        h_menu ASC', 0)
 2 SYSTEMPATH\Database\BaseConnection.php(693): CodeIgniter\Database\MySQLi\Connection->execute('SELECT DISTINCT a.h_menu, d.prod_id as configid, b.* , c.h_submenu 
        FROM tbl_helmet_menu  AS a 
            INNER JOIN tbl_helmet_products AS b 
            ON a.h_menu_id = b.h_menu_id  
            INNER JOIN tbl_helmet_submenu AS c ON 
            c.h_submenu_id = b.h_submenu_id
         ORDER BY 
        h_menu ASC')
 3 SYSTEMPATH\Database\BaseConnection.php(607): CodeIgniter\Database\BaseConnection->simpleQuery('SELECT DISTINCT a.h_menu, d.prod_id as configid, b.* , c.h_submenu 
        FROM tbl_helmet_menu  AS a 
            INNER JOIN tbl_helmet_products AS b 
            ON a.h_menu_id = b.h_menu_id  
            INNER JOIN tbl_helmet_submenu AS c ON 
            c.h_submenu_id = b.h_submenu_id
         ORDER BY 
        h_menu ASC')
 4 APPPATH\Controllers\admin\HproductController.php(201): CodeIgniter\Database\BaseConnection->query('SELECT DISTINCT a.h_menu, d.prod_id as configid, b.* , c.h_submenu 
        FROM tbl_helmet_menu  AS a 
            INNER JOIN tbl_helmet_products AS b 
            ON a.h_menu_id = b.h_menu_id  
            INNER JOIN tbl_helmet_submenu AS c ON 
            c.h_submenu_id = b.h_submenu_id
         ORDER BY 
        h_menu ASC')
 5 SYSTEMPATH\CodeIgniter.php(941): App\Controllers\admin\HproductController->getproductList()
 6 SYSTEMPATH\CodeIgniter.php(502): CodeIgniter\CodeIgniter->runController(Object(App\Controllers\admin\HproductController))
 7 SYSTEMPATH\CodeIgniter.php(361): CodeIgniter\CodeIgniter->handleRequest(null, Object(Config\Cache), false)
 8 FCPATH\index.php(79): CodeIgniter\CodeIgniter->run()
ERROR - 2024-12-06 07:19:55 --> mysqli_sql_exception: Unknown column 'd.prod_id' in 'field list' in C:\xampp\htdocs\ci4projects\adventure_final\vendor\codeigniter4\framework\system\Database\MySQLi\Connection.php:306
Stack trace:
#0 C:\xampp\htdocs\ci4projects\adventure_final\vendor\codeigniter4\framework\system\Database\MySQLi\Connection.php(306): mysqli->query('SELECT DISTINCT...', 0)
#1 C:\xampp\htdocs\ci4projects\adventure_final\vendor\codeigniter4\framework\system\Database\BaseConnection.php(693): CodeIgniter\Database\MySQLi\Connection->execute('SELECT DISTINCT...')
#2 C:\xampp\htdocs\ci4projects\adventure_final\vendor\codeigniter4\framework\system\Database\BaseConnection.php(607): CodeIgniter\Database\BaseConnection->simpleQuery('SELECT DISTINCT...')
#3 C:\xampp\htdocs\ci4projects\adventure_final\app\Controllers\admin\HproductController.php(201): CodeIgniter\Database\BaseConnection->query('SELECT DISTINCT...')
#4 C:\xampp\htdocs\ci4projects\adventure_final\vendor\codeigniter4\framework\system\CodeIgniter.php(941): App\Controllers\admin\HproductController->getproductList()
#5 C:\xampp\htdocs\ci4projects\adventure_final\vendor\codeigniter4\framework\system\CodeIgniter.php(502): CodeIgniter\CodeIgniter->runController(Object(App\Controllers\admin\HproductController))
#6 C:\xampp\htdocs\ci4projects\adventure_final\vendor\codeigniter4\framework\system\CodeIgniter.php(361): CodeIgniter\CodeIgniter->handleRequest(NULL, Object(Config\Cache), false)
#7 C:\xampp\htdocs\ci4projects\adventure_final\index.php(79): CodeIgniter\CodeIgniter->run()
#8 {main}
CRITICAL - 2024-12-06 07:19:55 --> CodeIgniter\Database\Exceptions\DatabaseException: Unknown column 'd.prod_id' in 'field list'
in SYSTEMPATH\Database\BaseConnection.php on line 647.
 1 APPPATH\Controllers\admin\HproductController.php(201): CodeIgniter\Database\BaseConnection->query('SELECT DISTINCT a.h_menu, d.prod_id as configid, b.* , c.h_submenu 
        FROM tbl_helmet_menu  AS a 
            INNER JOIN tbl_helmet_products AS b 
            ON a.h_menu_id = b.h_menu_id  
            INNER JOIN tbl_helmet_submenu AS c ON 
            c.h_submenu_id = b.h_submenu_id
         ORDER BY 
        h_menu ASC')
 2 SYSTEMPATH\CodeIgniter.php(941): App\Controllers\admin\HproductController->getproductList()
 3 SYSTEMPATH\CodeIgniter.php(502): CodeIgniter\CodeIgniter->runController(Object(App\Controllers\admin\HproductController))
 4 SYSTEMPATH\CodeIgniter.php(361): CodeIgniter\CodeIgniter->handleRequest(null, Object(Config\Cache), false)
 5 FCPATH\index.php(79): CodeIgniter\CodeIgniter->run()
CRITICAL - 2024-12-06 07:19:55 --> [Caused by] CodeIgniter\Database\Exceptions\DatabaseException: Unknown column 'd.prod_id' in 'field list'
in SYSTEMPATH\Database\MySQLi\Connection.php on line 311.
 1 SYSTEMPATH\Database\BaseConnection.php(693): CodeIgniter\Database\MySQLi\Connection->execute('SELECT DISTINCT a.h_menu, d.prod_id as configid, b.* , c.h_submenu 
        FROM tbl_helmet_menu  AS a 
            INNER JOIN tbl_helmet_products AS b 
            ON a.h_menu_id = b.h_menu_id  
            INNER JOIN tbl_helmet_submenu AS c ON 
            c.h_submenu_id = b.h_submenu_id
         ORDER BY 
        h_menu ASC')
 2 SYSTEMPATH\Database\BaseConnection.php(607): CodeIgniter\Database\BaseConnection->simpleQuery('SELECT DISTINCT a.h_menu, d.prod_id as configid, b.* , c.h_submenu 
        FROM tbl_helmet_menu  AS a 
            INNER JOIN tbl_helmet_products AS b 
            ON a.h_menu_id = b.h_menu_id  
            INNER JOIN tbl_helmet_submenu AS c ON 
            c.h_submenu_id = b.h_submenu_id
         ORDER BY 
        h_menu ASC')
 3 APPPATH\Controllers\admin\HproductController.php(201): CodeIgniter\Database\BaseConnection->query('SELECT DISTINCT a.h_menu, d.prod_id as configid, b.* , c.h_submenu 
        FROM tbl_helmet_menu  AS a 
            INNER JOIN tbl_helmet_products AS b 
            ON a.h_menu_id = b.h_menu_id  
            INNER JOIN tbl_helmet_submenu AS c ON 
            c.h_submenu_id = b.h_submenu_id
         ORDER BY 
        h_menu ASC')
 4 SYSTEMPATH\CodeIgniter.php(941): App\Controllers\admin\HproductController->getproductList()
 5 SYSTEMPATH\CodeIgniter.php(502): CodeIgniter\CodeIgniter->runController(Object(App\Controllers\admin\HproductController))
 6 SYSTEMPATH\CodeIgniter.php(361): CodeIgniter\CodeIgniter->handleRequest(null, Object(Config\Cache), false)
 7 FCPATH\index.php(79): CodeIgniter\CodeIgniter->run()
CRITICAL - 2024-12-06 07:19:55 --> [Caused by] mysqli_sql_exception: Unknown column 'd.prod_id' in 'field list'
in SYSTEMPATH\Database\MySQLi\Connection.php on line 306.
 1 SYSTEMPATH\Database\MySQLi\Connection.php(306): mysqli->query('SELECT DISTINCT a.h_menu, d.prod_id as configid, b.* , c.h_submenu 
        FROM tbl_helmet_menu  AS a 
            INNER JOIN tbl_helmet_products AS b 
            ON a.h_menu_id = b.h_menu_id  
            INNER JOIN tbl_helmet_submenu AS c ON 
            c.h_submenu_id = b.h_submenu_id
         ORDER BY 
        h_menu ASC', 0)
 2 SYSTEMPATH\Database\BaseConnection.php(693): CodeIgniter\Database\MySQLi\Connection->execute('SELECT DISTINCT a.h_menu, d.prod_id as configid, b.* , c.h_submenu 
        FROM tbl_helmet_menu  AS a 
            INNER JOIN tbl_helmet_products AS b 
            ON a.h_menu_id = b.h_menu_id  
            INNER JOIN tbl_helmet_submenu AS c ON 
            c.h_submenu_id = b.h_submenu_id
         ORDER BY 
        h_menu ASC')
 3 SYSTEMPATH\Database\BaseConnection.php(607): CodeIgniter\Database\BaseConnection->simpleQuery('SELECT DISTINCT a.h_menu, d.prod_id as configid, b.* , c.h_submenu 
        FROM tbl_helmet_menu  AS a 
            INNER JOIN tbl_helmet_products AS b 
            ON a.h_menu_id = b.h_menu_id  
            INNER JOIN tbl_helmet_submenu AS c ON 
            c.h_submenu_id = b.h_submenu_id
         ORDER BY 
        h_menu ASC')
 4 APPPATH\Controllers\admin\HproductController.php(201): CodeIgniter\Database\BaseConnection->query('SELECT DISTINCT a.h_menu, d.prod_id as configid, b.* , c.h_submenu 
        FROM tbl_helmet_menu  AS a 
            INNER JOIN tbl_helmet_products AS b 
            ON a.h_menu_id = b.h_menu_id  
            INNER JOIN tbl_helmet_submenu AS c ON 
            c.h_submenu_id = b.h_submenu_id
         ORDER BY 
        h_menu ASC')
 5 SYSTEMPATH\CodeIgniter.php(941): App\Controllers\admin\HproductController->getproductList()
 6 SYSTEMPATH\CodeIgniter.php(502): CodeIgniter\CodeIgniter->runController(Object(App\Controllers\admin\HproductController))
 7 SYSTEMPATH\CodeIgniter.php(361): CodeIgniter\CodeIgniter->handleRequest(null, Object(Config\Cache), false)
 8 FCPATH\index.php(79): CodeIgniter\CodeIgniter->run()
ERROR - 2024-12-06 07:19:59 --> mysqli_sql_exception: Unknown column 'd.prod_id' in 'field list' in C:\xampp\htdocs\ci4projects\adventure_final\vendor\codeigniter4\framework\system\Database\MySQLi\Connection.php:306
Stack trace:
#0 C:\xampp\htdocs\ci4projects\adventure_final\vendor\codeigniter4\framework\system\Database\MySQLi\Connection.php(306): mysqli->query('SELECT DISTINCT...', 0)
#1 C:\xampp\htdocs\ci4projects\adventure_final\vendor\codeigniter4\framework\system\Database\BaseConnection.php(693): CodeIgniter\Database\MySQLi\Connection->execute('SELECT DISTINCT...')
#2 C:\xampp\htdocs\ci4projects\adventure_final\vendor\codeigniter4\framework\system\Database\BaseConnection.php(607): CodeIgniter\Database\BaseConnection->simpleQuery('SELECT DISTINCT...')
#3 C:\xampp\htdocs\ci4projects\adventure_final\app\Controllers\admin\HproductController.php(201): CodeIgniter\Database\BaseConnection->query('SELECT DISTINCT...')
#4 C:\xampp\htdocs\ci4projects\adventure_final\vendor\codeigniter4\framework\system\CodeIgniter.php(941): App\Controllers\admin\HproductController->getproductList()
#5 C:\xampp\htdocs\ci4projects\adventure_final\vendor\codeigniter4\framework\system\CodeIgniter.php(502): CodeIgniter\CodeIgniter->runController(Object(App\Controllers\admin\HproductController))
#6 C:\xampp\htdocs\ci4projects\adventure_final\vendor\codeigniter4\framework\system\CodeIgniter.php(361): CodeIgniter\CodeIgniter->handleRequest(NULL, Object(Config\Cache), false)
#7 C:\xampp\htdocs\ci4projects\adventure_final\index.php(79): CodeIgniter\CodeIgniter->run()
#8 {main}
CRITICAL - 2024-12-06 07:19:59 --> CodeIgniter\Database\Exceptions\DatabaseException: Unknown column 'd.prod_id' in 'field list'
in SYSTEMPATH\Database\BaseConnection.php on line 647.
 1 APPPATH\Controllers\admin\HproductController.php(201): CodeIgniter\Database\BaseConnection->query('SELECT DISTINCT a.h_menu, d.prod_id as configid, b.* , c.h_submenu 
        FROM tbl_helmet_menu  AS a 
            INNER JOIN tbl_helmet_products AS b 
            ON a.h_menu_id = b.h_menu_id  
            INNER JOIN tbl_helmet_submenu AS c ON 
            c.h_submenu_id = b.h_submenu_id
         ORDER BY 
        h_menu ASC')
 2 SYSTEMPATH\CodeIgniter.php(941): App\Controllers\admin\HproductController->getproductList()
 3 SYSTEMPATH\CodeIgniter.php(502): CodeIgniter\CodeIgniter->runController(Object(App\Controllers\admin\HproductController))
 4 SYSTEMPATH\CodeIgniter.php(361): CodeIgniter\CodeIgniter->handleRequest(null, Object(Config\Cache), false)
 5 FCPATH\index.php(79): CodeIgniter\CodeIgniter->run()
CRITICAL - 2024-12-06 07:19:59 --> [Caused by] CodeIgniter\Database\Exceptions\DatabaseException: Unknown column 'd.prod_id' in 'field list'
in SYSTEMPATH\Database\MySQLi\Connection.php on line 311.
 1 SYSTEMPATH\Database\BaseConnection.php(693): CodeIgniter\Database\MySQLi\Connection->execute('SELECT DISTINCT a.h_menu, d.prod_id as configid, b.* , c.h_submenu 
        FROM tbl_helmet_menu  AS a 
            INNER JOIN tbl_helmet_products AS b 
            ON a.h_menu_id = b.h_menu_id  
            INNER JOIN tbl_helmet_submenu AS c ON 
            c.h_submenu_id = b.h_submenu_id
         ORDER BY 
        h_menu ASC')
 2 SYSTEMPATH\Database\BaseConnection.php(607): CodeIgniter\Database\BaseConnection->simpleQuery('SELECT DISTINCT a.h_menu, d.prod_id as configid, b.* , c.h_submenu 
        FROM tbl_helmet_menu  AS a 
            INNER JOIN tbl_helmet_products AS b 
            ON a.h_menu_id = b.h_menu_id  
            INNER JOIN tbl_helmet_submenu AS c ON 
            c.h_submenu_id = b.h_submenu_id
         ORDER BY 
        h_menu ASC')
 3 APPPATH\Controllers\admin\HproductController.php(201): CodeIgniter\Database\BaseConnection->query('SELECT DISTINCT a.h_menu, d.prod_id as configid, b.* , c.h_submenu 
        FROM tbl_helmet_menu  AS a 
            INNER JOIN tbl_helmet_products AS b 
            ON a.h_menu_id = b.h_menu_id  
            INNER JOIN tbl_helmet_submenu AS c ON 
            c.h_submenu_id = b.h_submenu_id
         ORDER BY 
        h_menu ASC')
 4 SYSTEMPATH\CodeIgniter.php(941): App\Controllers\admin\HproductController->getproductList()
 5 SYSTEMPATH\CodeIgniter.php(502): CodeIgniter\CodeIgniter->runController(Object(App\Controllers\admin\HproductController))
 6 SYSTEMPATH\CodeIgniter.php(361): CodeIgniter\CodeIgniter->handleRequest(null, Object(Config\Cache), false)
 7 FCPATH\index.php(79): CodeIgniter\CodeIgniter->run()
CRITICAL - 2024-12-06 07:19:59 --> [Caused by] mysqli_sql_exception: Unknown column 'd.prod_id' in 'field list'
in SYSTEMPATH\Database\MySQLi\Connection.php on line 306.
 1 SYSTEMPATH\Database\MySQLi\Connection.php(306): mysqli->query('SELECT DISTINCT a.h_menu, d.prod_id as configid, b.* , c.h_submenu 
        FROM tbl_helmet_menu  AS a 
            INNER JOIN tbl_helmet_products AS b 
            ON a.h_menu_id = b.h_menu_id  
            INNER JOIN tbl_helmet_submenu AS c ON 
            c.h_submenu_id = b.h_submenu_id
         ORDER BY 
        h_menu ASC', 0)
 2 SYSTEMPATH\Database\BaseConnection.php(693): CodeIgniter\Database\MySQLi\Connection->execute('SELECT DISTINCT a.h_menu, d.prod_id as configid, b.* , c.h_submenu 
        FROM tbl_helmet_menu  AS a 
            INNER JOIN tbl_helmet_products AS b 
            ON a.h_menu_id = b.h_menu_id  
            INNER JOIN tbl_helmet_submenu AS c ON 
            c.h_submenu_id = b.h_submenu_id
         ORDER BY 
        h_menu ASC')
 3 SYSTEMPATH\Database\BaseConnection.php(607): CodeIgniter\Database\BaseConnection->simpleQuery('SELECT DISTINCT a.h_menu, d.prod_id as configid, b.* , c.h_submenu 
        FROM tbl_helmet_menu  AS a 
            INNER JOIN tbl_helmet_products AS b 
            ON a.h_menu_id = b.h_menu_id  
            INNER JOIN tbl_helmet_submenu AS c ON 
            c.h_submenu_id = b.h_submenu_id
         ORDER BY 
        h_menu ASC')
 4 APPPATH\Controllers\admin\HproductController.php(201): CodeIgniter\Database\BaseConnection->query('SELECT DISTINCT a.h_menu, d.prod_id as configid, b.* , c.h_submenu 
        FROM tbl_helmet_menu  AS a 
            INNER JOIN tbl_helmet_products AS b 
            ON a.h_menu_id = b.h_menu_id  
            INNER JOIN tbl_helmet_submenu AS c ON 
            c.h_submenu_id = b.h_submenu_id
         ORDER BY 
        h_menu ASC')
 5 SYSTEMPATH\CodeIgniter.php(941): App\Controllers\admin\HproductController->getproductList()
 6 SYSTEMPATH\CodeIgniter.php(502): CodeIgniter\CodeIgniter->runController(Object(App\Controllers\admin\HproductController))
 7 SYSTEMPATH\CodeIgniter.php(361): CodeIgniter\CodeIgniter->handleRequest(null, Object(Config\Cache), false)
 8 FCPATH\index.php(79): CodeIgniter\CodeIgniter->run()
