CRITICAL - 2024-12-08 14:12:58 --> ErrorException: implode(): Invalid arguments passed
in APPPATH\Controllers\admin\AccessListController.php on line 309.
 1 [internal function]: CodeIgniter\Debug\Exceptions->errorHandler(2, 'implode(): Invalid arguments passed', 'C:\\xampp\\htdocs\\ci4projects\\adventure_final\\app\\Controllers\\admin\\AccessListController.php', 309, [...])
 2 APPPATH\Controllers\admin\AccessListController.php(309): implode(',', null)
 3 SYSTEMPATH\CodeIgniter.php(941): App\Controllers\admin\AccessListController->updateProductList()
 4 SYSTEMPATH\CodeIgniter.php(502): CodeIgniter\CodeIgniter->runController(Object(App\Controllers\admin\AccessListController))
 5 SYSTEMPATH\CodeIgniter.php(361): CodeIgniter\CodeIgniter->handleRequest(null, Object(Config\Cache), false)
 6 FCPATH\index.php(79): CodeIgniter\CodeIgniter->run()
CRITICAL - 2024-12-08 14:13:00 --> ErrorException: implode(): Invalid arguments passed
in APPPATH\Controllers\admin\AccessListController.php on line 309.
 1 [internal function]: CodeIgniter\Debug\Exceptions->errorHandler(2, 'implode(): Invalid arguments passed', 'C:\\xampp\\htdocs\\ci4projects\\adventure_final\\app\\Controllers\\admin\\AccessListController.php', 309, [...])
 2 APPPATH\Controllers\admin\AccessListController.php(309): implode(',', null)
 3 SYSTEMPATH\CodeIgniter.php(941): App\Controllers\admin\AccessListController->updateProductList()
 4 SYSTEMPATH\CodeIgniter.php(502): CodeIgniter\CodeIgniter->runController(Object(App\Controllers\admin\AccessListController))
 5 SYSTEMPATH\CodeIgniter.php(361): CodeIgniter\CodeIgniter->handleRequest(null, Object(Config\Cache), false)
 6 FCPATH\index.php(79): CodeIgniter\CodeIgniter->run()
CRITICAL - 2024-12-08 14:13:00 --> ErrorException: implode(): Invalid arguments passed
in APPPATH\Controllers\admin\AccessListController.php on line 309.
 1 [internal function]: CodeIgniter\Debug\Exceptions->errorHandler(2, 'implode(): Invalid arguments passed', 'C:\\xampp\\htdocs\\ci4projects\\adventure_final\\app\\Controllers\\admin\\AccessListController.php', 309, [...])
 2 APPPATH\Controllers\admin\AccessListController.php(309): implode(',', null)
 3 SYSTEMPATH\CodeIgniter.php(941): App\Controllers\admin\AccessListController->updateProductList()
 4 SYSTEMPATH\CodeIgniter.php(502): CodeIgniter\CodeIgniter->runController(Object(App\Controllers\admin\AccessListController))
 5 SYSTEMPATH\CodeIgniter.php(361): CodeIgniter\CodeIgniter->handleRequest(null, Object(Config\Cache), false)
 6 FCPATH\index.php(79): CodeIgniter\CodeIgniter->run()
CRITICAL - 2024-12-08 14:13:01 --> ErrorException: implode(): Invalid arguments passed
in APPPATH\Controllers\admin\AccessListController.php on line 309.
 1 [internal function]: CodeIgniter\Debug\Exceptions->errorHandler(2, 'implode(): Invalid arguments passed', 'C:\\xampp\\htdocs\\ci4projects\\adventure_final\\app\\Controllers\\admin\\AccessListController.php', 309, [...])
 2 APPPATH\Controllers\admin\AccessListController.php(309): implode(',', null)
 3 SYSTEMPATH\CodeIgniter.php(941): App\Controllers\admin\AccessListController->updateProductList()
 4 SYSTEMPATH\CodeIgniter.php(502): CodeIgniter\CodeIgniter->runController(Object(App\Controllers\admin\AccessListController))
 5 SYSTEMPATH\CodeIgniter.php(361): CodeIgniter\CodeIgniter->handleRequest(null, Object(Config\Cache), false)
 6 FCPATH\index.php(79): CodeIgniter\CodeIgniter->run()
CRITICAL - 2024-12-08 14:13:01 --> ErrorException: implode(): Invalid arguments passed
in APPPATH\Controllers\admin\AccessListController.php on line 309.
 1 [internal function]: CodeIgniter\Debug\Exceptions->errorHandler(2, 'implode(): Invalid arguments passed', 'C:\\xampp\\htdocs\\ci4projects\\adventure_final\\app\\Controllers\\admin\\AccessListController.php', 309, [...])
 2 APPPATH\Controllers\admin\AccessListController.php(309): implode(',', null)
 3 SYSTEMPATH\CodeIgniter.php(941): App\Controllers\admin\AccessListController->updateProductList()
 4 SYSTEMPATH\CodeIgniter.php(502): CodeIgniter\CodeIgniter->runController(Object(App\Controllers\admin\AccessListController))
 5 SYSTEMPATH\CodeIgniter.php(361): CodeIgniter\CodeIgniter->handleRequest(null, Object(Config\Cache), false)
 6 FCPATH\index.php(79): CodeIgniter\CodeIgniter->run()
CRITICAL - 2024-12-08 14:26:00 --> ErrorException: implode(): Invalid arguments passed
in APPPATH\Controllers\admin\AccessListController.php on line 310.
 1 [internal function]: CodeIgniter\Debug\Exceptions->errorHandler(2, 'implode(): Invalid arguments passed', 'C:\\xampp\\htdocs\\ci4projects\\adventure_final\\app\\Controllers\\admin\\AccessListController.php', 310, [...])
 2 APPPATH\Controllers\admin\AccessListController.php(310): implode(',', null)
 3 SYSTEMPATH\CodeIgniter.php(941): App\Controllers\admin\AccessListController->updateProductList()
 4 SYSTEMPATH\CodeIgniter.php(502): CodeIgniter\CodeIgniter->runController(Object(App\Controllers\admin\AccessListController))
 5 SYSTEMPATH\CodeIgniter.php(361): CodeIgniter\CodeIgniter->handleRequest(null, Object(Config\Cache), false)
 6 FCPATH\index.php(79): CodeIgniter\CodeIgniter->run()
