CRITICAL - 2024-12-07 05:44:22 --> ErrorException: implode(): Invalid arguments passed
in APPPATH\Controllers\admin\AccessListController.php on line 153.
 1 [internal function]: CodeIgniter\Debug\Exceptions->errorHandler(2, 'implode(): Invalid arguments passed', 'C:\\xampp\\htdocs\\ci4projects\\adventure_final\\app\\Controllers\\admin\\AccessListController.php', 153, [...])
 2 APPPATH\Controllers\admin\AccessListController.php(153): implode(',', null)
 3 SYSTEMPATH\CodeIgniter.php(941): App\Controllers\admin\AccessListController->insertProducts()
 4 SYSTEMPATH\CodeIgniter.php(502): CodeIgniter\CodeIgniter->runController(Object(App\Controllers\admin\AccessListController))
 5 SYSTEMPATH\CodeIgniter.php(361): CodeIgniter\CodeIgniter->handleRequest(null, Object(Config\Cache), false)
 6 FCPATH\index.php(79): CodeIgniter\CodeIgniter->run()
CRITICAL - 2024-12-07 05:44:23 --> ErrorException: implode(): Invalid arguments passed
in APPPATH\Controllers\admin\AccessListController.php on line 153.
 1 [internal function]: CodeIgniter\Debug\Exceptions->errorHandler(2, 'implode(): Invalid arguments passed', 'C:\\xampp\\htdocs\\ci4projects\\adventure_final\\app\\Controllers\\admin\\AccessListController.php', 153, [...])
 2 APPPATH\Controllers\admin\AccessListController.php(153): implode(',', null)
 3 SYSTEMPATH\CodeIgniter.php(941): App\Controllers\admin\AccessListController->insertProducts()
 4 SYSTEMPATH\CodeIgniter.php(502): CodeIgniter\CodeIgniter->runController(Object(App\Controllers\admin\AccessListController))
 5 SYSTEMPATH\CodeIgniter.php(361): CodeIgniter\CodeIgniter->handleRequest(null, Object(Config\Cache), false)
 6 FCPATH\index.php(79): CodeIgniter\CodeIgniter->run()
CRITICAL - 2024-12-07 05:44:29 --> ErrorException: implode(): Invalid arguments passed
in APPPATH\Controllers\admin\AccessListController.php on line 153.
 1 [internal function]: CodeIgniter\Debug\Exceptions->errorHandler(2, 'implode(): Invalid arguments passed', 'C:\\xampp\\htdocs\\ci4projects\\adventure_final\\app\\Controllers\\admin\\AccessListController.php', 153, [...])
 2 APPPATH\Controllers\admin\AccessListController.php(153): implode(',', null)
 3 SYSTEMPATH\CodeIgniter.php(941): App\Controllers\admin\AccessListController->insertProducts()
 4 SYSTEMPATH\CodeIgniter.php(502): CodeIgniter\CodeIgniter->runController(Object(App\Controllers\admin\AccessListController))
 5 SYSTEMPATH\CodeIgniter.php(361): CodeIgniter\CodeIgniter->handleRequest(null, Object(Config\Cache), false)
 6 FCPATH\index.php(79): CodeIgniter\CodeIgniter->run()
CRITICAL - 2024-12-07 05:44:39 --> ErrorException: implode(): Invalid arguments passed
in APPPATH\Controllers\admin\AccessListController.php on line 153.
 1 [internal function]: CodeIgniter\Debug\Exceptions->errorHandler(2, 'implode(): Invalid arguments passed', 'C:\\xampp\\htdocs\\ci4projects\\adventure_final\\app\\Controllers\\admin\\AccessListController.php', 153, [...])
 2 APPPATH\Controllers\admin\AccessListController.php(153): implode(',', null)
 3 SYSTEMPATH\CodeIgniter.php(941): App\Controllers\admin\AccessListController->insertProducts()
 4 SYSTEMPATH\CodeIgniter.php(502): CodeIgniter\CodeIgniter->runController(Object(App\Controllers\admin\AccessListController))
 5 SYSTEMPATH\CodeIgniter.php(361): CodeIgniter\CodeIgniter->handleRequest(null, Object(Config\Cache), false)
 6 FCPATH\index.php(79): CodeIgniter\CodeIgniter->run()
