CRITICAL - 2024-11-25 05:28:10 --> Error: Only arrays and Traversables can be unpacked
in APPPATH\Controllers\Home.php on line 497.
 1 SYSTEMPATH\CodeIgniter.php(941): App\Controllers\Home->products('dominar-400', 'NTE=', 'dominar-400', 'NTE=')
 2 SYSTEMPATH\CodeIgniter.php(502): CodeIgniter\CodeIgniter->runController(Object(App\Controllers\Home))
 3 SYSTEMPATH\CodeIgniter.php(361): CodeIgniter\CodeIgniter->handleRequest(null, Object(Config\Cache), false)
 4 FCPATH\index.php(79): CodeIgniter\CodeIgniter->run()
CRITICAL - 2024-11-25 05:28:29 --> Error: Only arrays and Traversables can be unpacked
in APPPATH\Controllers\Home.php on line 497.
 1 SYSTEMPATH\CodeIgniter.php(941): App\Controllers\Home->products('dominar-400', 'NTE=', 'dominar-400', 'NTE=')
 2 SYSTEMPATH\CodeIgniter.php(502): CodeIgniter\CodeIgniter->runController(Object(App\Controllers\Home))
 3 SYSTEMPATH\CodeIgniter.php(361): CodeIgniter\CodeIgniter->handleRequest(null, Object(Config\Cache), false)
 4 FCPATH\index.php(79): CodeIgniter\CodeIgniter->run()
CRITICAL - 2024-11-25 05:29:38 --> ErrorException: count(): Parameter must be an array or an object that implements Countable
in APPPATH\Views\products.php on line 142.
 1 APPPATH\Views\products.php(142): CodeIgniter\Debug\Exceptions->errorHandler(2, 'count(): Parameter must be an array or an object that implements Countable', 'C:\\xampp\\htdocs\\ci4projects\\adventure_final\\app\\Views\\products.php', 142, [...])
 2 SYSTEMPATH\View\View.php(228): include('C:\\xampp\\htdocs\\ci4projects\\adventure_final\\app\\Views\\products.php')
 3 SYSTEMPATH\View\View.php(231): CodeIgniter\View\View->CodeIgniter\View\{closure}()
 4 SYSTEMPATH\Common.php(1178): CodeIgniter\View\View->render('products', [], true)
 5 APPPATH\Controllers\Home.php(501): view('products', [...])
 6 SYSTEMPATH\CodeIgniter.php(941): App\Controllers\Home->products('dominar-400', 'NTE=', 'dominar-400', 'NTE=')
 7 SYSTEMPATH\CodeIgniter.php(502): CodeIgniter\CodeIgniter->runController(Object(App\Controllers\Home))
 8 SYSTEMPATH\CodeIgniter.php(361): CodeIgniter\CodeIgniter->handleRequest(null, Object(Config\Cache), false)
 9 FCPATH\index.php(79): CodeIgniter\CodeIgniter->run()
CRITICAL - 2024-11-25 11:50:21 --> ParseError: syntax error, unexpected '}'
in APPPATH\Controllers\Home.php on line 2057.
 1 SYSTEMPATH\Autoloader\Autoloader.php(288): CodeIgniter\Autoloader\Autoloader->includeFile('C:\\xampp\\htdocs\\ci4projects\\adventure_final\\app\\Controllers\\Home.php')
 2 SYSTEMPATH\Autoloader\Autoloader.php(266): CodeIgniter\Autoloader\Autoloader->loadInNamespace('App\\Controllers\\Home')
 3 [internal function]: CodeIgniter\Autoloader\Autoloader->loadClass('App\\Controllers\\Home')
 4 [internal function]: spl_autoload_call('App\\Controllers\\Home')
 5 SYSTEMPATH\CodeIgniter.php(899): class_exists('\\App\\Controllers\\Home', true)
 6 SYSTEMPATH\CodeIgniter.php(489): CodeIgniter\CodeIgniter->startController()
 7 SYSTEMPATH\CodeIgniter.php(361): CodeIgniter\CodeIgniter->handleRequest(null, Object(Config\Cache), false)
 8 FCPATH\index.php(79): CodeIgniter\CodeIgniter->run()
