ERROR - 2024-12-04 04:46:13 --> mysqli_sql_exception: Unknown column 'c.c_submenu_ida.c_submenu_id' in 'on clause' in C:\xampp\htdocs\ci4projects\adventure_final\vendor\codeigniter4\framework\system\Database\MySQLi\Connection.php:306
Stack trace:
#0 C:\xampp\htdocs\ci4projects\adventure_final\vendor\codeigniter4\framework\system\Database\MySQLi\Connection.php(306): mysqli->query('SELECT DISTINCT...', 0)
#1 C:\xampp\htdocs\ci4projects\adventure_final\vendor\codeigniter4\framework\system\Database\BaseConnection.php(693): CodeIgniter\Database\MySQLi\Connection->execute('SELECT DISTINCT...')
#2 C:\xampp\htdocs\ci4projects\adventure_final\vendor\codeigniter4\framework\system\Database\BaseConnection.php(607): CodeIgniter\Database\BaseConnection->simpleQuery('SELECT DISTINCT...')
#3 C:\xampp\htdocs\ci4projects\adventure_final\app\Controllers\admin\AccessListController.php(631): CodeIgniter\Database\BaseConnection->query('SELECT DISTINCT...')
#4 C:\xampp\htdocs\ci4projects\adventure_final\vendor\codeigniter4\framework\system\CodeIgniter.php(941): App\Controllers\admin\AccessListController->exportOutofStockList()
#5 C:\xampp\htdocs\ci4projects\adventure_final\vendor\codeigniter4\framework\system\CodeIgniter.php(502): CodeIgniter\CodeIgniter->runController(Object(App\Controllers\admin\AccessListController))
#6 C:\xampp\htdocs\ci4projects\adventure_final\vendor\codeigniter4\framework\system\CodeIgniter.php(361): CodeIgniter\CodeIgniter->handleRequest(NULL, Object(Config\Cache), false)
#7 C:\xampp\htdocs\ci4projects\adventure_final\index.php(79): CodeIgniter\CodeIgniter->run()
#8 {main}
CRITICAL - 2024-12-04 04:46:13 --> CodeIgniter\Database\Exceptions\DatabaseException: Unknown column 'c.c_submenu_ida.c_submenu_id' in 'on clause'
in SYSTEMPATH\Database\BaseConnection.php on line 647.
 1 APPPATH\Controllers\admin\AccessListController.php(631): CodeIgniter\Database\BaseConnection->query('SELECT DISTINCT
    a.prod_id,a.product_name,a.billing_name,a.product_price,a.offer_price,a.offer_type,
    a.offer_details,a.redirect_url,a.arrival_status,a.stock_status,a.prod_desc,a.hot_sale,
    a.search_brand,a.weight,a.weight_units,a.quantity,a.specifications,
    CASE 
        WHEN `offer_type` = 0 THEN \'Percentage\' 
        WHEN `offer_type` = 1 THEN \'Flat discount\' 
        WHEN `offer_type` = 2 THEN \'None\' 
        ELSE \'Other\' 
    END AS `offer_type_label`, 
    b.access_title AS menu, 
    c.sub_access_name AS submenu,d.brand_name AS search_brand 
FROM
    tbl_accessories_list AS a 
    INNER JOIN tbl_access_master AS b ON a.access_id = b.access_id 
    INNER JOIN tbl_subaccess_master AS c ON a.sub_access_id = c.sub_access_id
    LEFT JOIN brand_master AS d ON a.search_brand = d.brand_master_id
WHERE
    a.`flag` = 1 AND a.`quantity` <= 0 AND b.`flag` = 1 AND c.flag = 1
    GROUP BY  a.prod_id 

UNION

SELECT DISTINCT
    a.prod_id,a.product_name,a.billing_name,a.product_price,a.offer_price,a.offer_type,
    a.offer_details,a.redirect_url,a.arrival_status,a.stock_status,a.prod_desc,a.hot_sale,
    a.search_brand,a.weight,a.weight_units,a.quantity,a.specifications,
    CASE 
        WHEN `offer_type` = 0 THEN \'Percentage\' 
        WHEN `offer_type` = 1 THEN \'Flat discount\' 
        WHEN `offer_type` = 2 THEN \'None\' 
        ELSE \'Other\' 
    END AS `offer_type_label`, 
    b.r_menu AS menu, 
    c.r_sub_menu AS submenu,d.brand_name AS search_brand 
FROM
    tbl_rproduct_list AS a 
    INNER JOIN tbl_riding_menu AS b ON a.r_menu_id = b.r_menu_id
    INNER JOIN tbl_riding_submenu AS c ON a.r_sub_id = c.r_sub_id
     LEFT JOIN brand_master AS d ON a.search_brand = d.brand_master_id
WHERE
    a.`flag` = 1 AND a.`quantity` <=0  AND b.`flag` = 1 AND c.flag = 1
  GROUP BY  a.prod_id 
UNION

SELECT DISTINCT
    a.prod_id,a.product_name,a.billing_name,a.product_price,a.offer_price,a.offer_type,
    a.offer_details,a.redirect_url,a.arrival_status,a.stock_status,a.prod_desc,a.hot_sale,
    a.search_brand,a.weight,a.weight_units,a.quantity,a.specifications, 
    CASE 
        WHEN `offer_type` = 0 THEN \'Percentage\' 
        WHEN `offer_type` = 1 THEN \'Flat discount\' 
        WHEN `offer_type` = 2 THEN \'None\' 
        ELSE \'Other\' 
    END AS `offer_type_label`, 
    b.lug_menu AS menu, 
    c.lug_submenu AS submenu,d.brand_name AS search_brand 
FROM
    tbl_luggagee_products AS a
    INNER JOIN tbl_luggage_menu AS b ON a.lug_menu_id = b.lug_menu_id
    INNER JOIN tbl_luggage_submenu AS c ON c.lug_submenu_id = a.lug_submenu_id
     LEFT JOIN brand_master AS d ON a.search_brand = d.brand_master_id
WHERE
    a.`flag` = 1 AND a.`quantity` <=0   AND b.`flag` = 1 AND c.flag = 1
  GROUP BY  a.prod_id 
UNION

SELECT DISTINCT
    a.prod_id,a.product_name,a.billing_name,a.product_price,a.offer_price,a.offer_type,
    a.offer_details,a.redirect_url,a.arrival_status,a.stock_status,a.prod_desc,a.hot_sale,
    a.search_brand,a.weight,a.weight_units,a.quantity,a.specifications, 
    CASE 
        WHEN `offer_type` = 0 THEN \'Percentage\' 
        WHEN `offer_type` = 1 THEN \'Flat discount\' 
        WHEN `offer_type` = 2 THEN \'None\' 
        ELSE \'Other\' 
    END AS `offer_type_label`, 
    b.h_menu AS menu, 
    c.h_submenu AS submenu,d.brand_name AS search_brand 
FROM
    tbl_helmet_products AS a 
    INNER JOIN tbl_helmet_menu AS b ON a.h_menu_id = b.h_menu_id
    INNER JOIN tbl_helmet_submenu AS c ON c.h_submenu_id = a.h_submenu_id
     LEFT JOIN brand_master AS d ON a.search_brand = d.brand_master_id
WHERE
    a.`flag` = 1 AND a.`quantity` <=  0  AND b.`flag` = 1 AND c.flag = 1
  GROUP BY  a.prod_id 
UNION

SELECT DISTINCT
    a.prod_id,a.product_name,a.billing_name,a.product_price,a.offer_price,a.offer_type,
    a.offer_details,a.redirect_url,a.arrival_status,a.stock_status,a.prod_desc,a.hot_sale,
    a.search_brand,a.weight,a.weight_units,a.quantity,a.specifications,
    CASE 
        WHEN `offer_type` = 0 THEN \'Percentage\' 
        WHEN `offer_type` = 1 THEN \'Flat discount\' 
        WHEN `offer_type` = 2 THEN \'None\' 
        ELSE \'Other\' 
    END AS `offer_type_label`, 
    b.camp_menu AS menu, 
    c.c_submenu AS submenu,d.brand_name AS search_brand  
FROM
    tbl_camping_products AS a 
    INNER JOIN tbl_camping_menu AS b ON a.camp_menu_id = b.camp_menu_id
    INNER JOIN tbl_camping_submenu AS c ON a.c_submenu_id = c.c_submenu_ida.c_submenu_id = c.c_submenu_id
     LEFT JOIN brand_master AS d ON a.search_brand = d.brand_master_id
WHERE
    a.`flag` = 1 AND a.`quantity` <= 0  AND b.`flag` = 1 AND c.flag = 1
GROUP BY a.prod_id
ORDER BY `product_name` ASC;
')
 2 SYSTEMPATH\CodeIgniter.php(941): App\Controllers\admin\AccessListController->exportOutofStockList()
 3 SYSTEMPATH\CodeIgniter.php(502): CodeIgniter\CodeIgniter->runController(Object(App\Controllers\admin\AccessListController))
 4 SYSTEMPATH\CodeIgniter.php(361): CodeIgniter\CodeIgniter->handleRequest(null, Object(Config\Cache), false)
 5 FCPATH\index.php(79): CodeIgniter\CodeIgniter->run()
CRITICAL - 2024-12-04 04:46:13 --> [Caused by] CodeIgniter\Database\Exceptions\DatabaseException: Unknown column 'c.c_submenu_ida.c_submenu_id' in 'on clause'
in SYSTEMPATH\Database\MySQLi\Connection.php on line 311.
 1 SYSTEMPATH\Database\BaseConnection.php(693): CodeIgniter\Database\MySQLi\Connection->execute('SELECT DISTINCT
    a.prod_id,a.product_name,a.billing_name,a.product_price,a.offer_price,a.offer_type,
    a.offer_details,a.redirect_url,a.arrival_status,a.stock_status,a.prod_desc,a.hot_sale,
    a.search_brand,a.weight,a.weight_units,a.quantity,a.specifications,
    CASE 
        WHEN `offer_type` = 0 THEN \'Percentage\' 
        WHEN `offer_type` = 1 THEN \'Flat discount\' 
        WHEN `offer_type` = 2 THEN \'None\' 
        ELSE \'Other\' 
    END AS `offer_type_label`, 
    b.access_title AS menu, 
    c.sub_access_name AS submenu,d.brand_name AS search_brand 
FROM
    tbl_accessories_list AS a 
    INNER JOIN tbl_access_master AS b ON a.access_id = b.access_id 
    INNER JOIN tbl_subaccess_master AS c ON a.sub_access_id = c.sub_access_id
    LEFT JOIN brand_master AS d ON a.search_brand = d.brand_master_id
WHERE
    a.`flag` = 1 AND a.`quantity` <= 0 AND b.`flag` = 1 AND c.flag = 1
    GROUP BY  a.prod_id 

UNION

SELECT DISTINCT
    a.prod_id,a.product_name,a.billing_name,a.product_price,a.offer_price,a.offer_type,
    a.offer_details,a.redirect_url,a.arrival_status,a.stock_status,a.prod_desc,a.hot_sale,
    a.search_brand,a.weight,a.weight_units,a.quantity,a.specifications,
    CASE 
        WHEN `offer_type` = 0 THEN \'Percentage\' 
        WHEN `offer_type` = 1 THEN \'Flat discount\' 
        WHEN `offer_type` = 2 THEN \'None\' 
        ELSE \'Other\' 
    END AS `offer_type_label`, 
    b.r_menu AS menu, 
    c.r_sub_menu AS submenu,d.brand_name AS search_brand 
FROM
    tbl_rproduct_list AS a 
    INNER JOIN tbl_riding_menu AS b ON a.r_menu_id = b.r_menu_id
    INNER JOIN tbl_riding_submenu AS c ON a.r_sub_id = c.r_sub_id
     LEFT JOIN brand_master AS d ON a.search_brand = d.brand_master_id
WHERE
    a.`flag` = 1 AND a.`quantity` <=0  AND b.`flag` = 1 AND c.flag = 1
  GROUP BY  a.prod_id 
UNION

SELECT DISTINCT
    a.prod_id,a.product_name,a.billing_name,a.product_price,a.offer_price,a.offer_type,
    a.offer_details,a.redirect_url,a.arrival_status,a.stock_status,a.prod_desc,a.hot_sale,
    a.search_brand,a.weight,a.weight_units,a.quantity,a.specifications, 
    CASE 
        WHEN `offer_type` = 0 THEN \'Percentage\' 
        WHEN `offer_type` = 1 THEN \'Flat discount\' 
        WHEN `offer_type` = 2 THEN \'None\' 
        ELSE \'Other\' 
    END AS `offer_type_label`, 
    b.lug_menu AS menu, 
    c.lug_submenu AS submenu,d.brand_name AS search_brand 
FROM
    tbl_luggagee_products AS a
    INNER JOIN tbl_luggage_menu AS b ON a.lug_menu_id = b.lug_menu_id
    INNER JOIN tbl_luggage_submenu AS c ON c.lug_submenu_id = a.lug_submenu_id
     LEFT JOIN brand_master AS d ON a.search_brand = d.brand_master_id
WHERE
    a.`flag` = 1 AND a.`quantity` <=0   AND b.`flag` = 1 AND c.flag = 1
  GROUP BY  a.prod_id 
UNION

SELECT DISTINCT
    a.prod_id,a.product_name,a.billing_name,a.product_price,a.offer_price,a.offer_type,
    a.offer_details,a.redirect_url,a.arrival_status,a.stock_status,a.prod_desc,a.hot_sale,
    a.search_brand,a.weight,a.weight_units,a.quantity,a.specifications, 
    CASE 
        WHEN `offer_type` = 0 THEN \'Percentage\' 
        WHEN `offer_type` = 1 THEN \'Flat discount\' 
        WHEN `offer_type` = 2 THEN \'None\' 
        ELSE \'Other\' 
    END AS `offer_type_label`, 
    b.h_menu AS menu, 
    c.h_submenu AS submenu,d.brand_name AS search_brand 
FROM
    tbl_helmet_products AS a 
    INNER JOIN tbl_helmet_menu AS b ON a.h_menu_id = b.h_menu_id
    INNER JOIN tbl_helmet_submenu AS c ON c.h_submenu_id = a.h_submenu_id
     LEFT JOIN brand_master AS d ON a.search_brand = d.brand_master_id
WHERE
    a.`flag` = 1 AND a.`quantity` <=  0  AND b.`flag` = 1 AND c.flag = 1
  GROUP BY  a.prod_id 
UNION

SELECT DISTINCT
    a.prod_id,a.product_name,a.billing_name,a.product_price,a.offer_price,a.offer_type,
    a.offer_details,a.redirect_url,a.arrival_status,a.stock_status,a.prod_desc,a.hot_sale,
    a.search_brand,a.weight,a.weight_units,a.quantity,a.specifications,
    CASE 
        WHEN `offer_type` = 0 THEN \'Percentage\' 
        WHEN `offer_type` = 1 THEN \'Flat discount\' 
        WHEN `offer_type` = 2 THEN \'None\' 
        ELSE \'Other\' 
    END AS `offer_type_label`, 
    b.camp_menu AS menu, 
    c.c_submenu AS submenu,d.brand_name AS search_brand  
FROM
    tbl_camping_products AS a 
    INNER JOIN tbl_camping_menu AS b ON a.camp_menu_id = b.camp_menu_id
    INNER JOIN tbl_camping_submenu AS c ON a.c_submenu_id = c.c_submenu_ida.c_submenu_id = c.c_submenu_id
     LEFT JOIN brand_master AS d ON a.search_brand = d.brand_master_id
WHERE
    a.`flag` = 1 AND a.`quantity` <= 0  AND b.`flag` = 1 AND c.flag = 1
GROUP BY a.prod_id
ORDER BY `product_name` ASC;
')
 2 SYSTEMPATH\Database\BaseConnection.php(607): CodeIgniter\Database\BaseConnection->simpleQuery('SELECT DISTINCT
    a.prod_id,a.product_name,a.billing_name,a.product_price,a.offer_price,a.offer_type,
    a.offer_details,a.redirect_url,a.arrival_status,a.stock_status,a.prod_desc,a.hot_sale,
    a.search_brand,a.weight,a.weight_units,a.quantity,a.specifications,
    CASE 
        WHEN `offer_type` = 0 THEN \'Percentage\' 
        WHEN `offer_type` = 1 THEN \'Flat discount\' 
        WHEN `offer_type` = 2 THEN \'None\' 
        ELSE \'Other\' 
    END AS `offer_type_label`, 
    b.access_title AS menu, 
    c.sub_access_name AS submenu,d.brand_name AS search_brand 
FROM
    tbl_accessories_list AS a 
    INNER JOIN tbl_access_master AS b ON a.access_id = b.access_id 
    INNER JOIN tbl_subaccess_master AS c ON a.sub_access_id = c.sub_access_id
    LEFT JOIN brand_master AS d ON a.search_brand = d.brand_master_id
WHERE
    a.`flag` = 1 AND a.`quantity` <= 0 AND b.`flag` = 1 AND c.flag = 1
    GROUP BY  a.prod_id 

UNION

SELECT DISTINCT
    a.prod_id,a.product_name,a.billing_name,a.product_price,a.offer_price,a.offer_type,
    a.offer_details,a.redirect_url,a.arrival_status,a.stock_status,a.prod_desc,a.hot_sale,
    a.search_brand,a.weight,a.weight_units,a.quantity,a.specifications,
    CASE 
        WHEN `offer_type` = 0 THEN \'Percentage\' 
        WHEN `offer_type` = 1 THEN \'Flat discount\' 
        WHEN `offer_type` = 2 THEN \'None\' 
        ELSE \'Other\' 
    END AS `offer_type_label`, 
    b.r_menu AS menu, 
    c.r_sub_menu AS submenu,d.brand_name AS search_brand 
FROM
    tbl_rproduct_list AS a 
    INNER JOIN tbl_riding_menu AS b ON a.r_menu_id = b.r_menu_id
    INNER JOIN tbl_riding_submenu AS c ON a.r_sub_id = c.r_sub_id
     LEFT JOIN brand_master AS d ON a.search_brand = d.brand_master_id
WHERE
    a.`flag` = 1 AND a.`quantity` <=0  AND b.`flag` = 1 AND c.flag = 1
  GROUP BY  a.prod_id 
UNION

SELECT DISTINCT
    a.prod_id,a.product_name,a.billing_name,a.product_price,a.offer_price,a.offer_type,
    a.offer_details,a.redirect_url,a.arrival_status,a.stock_status,a.prod_desc,a.hot_sale,
    a.search_brand,a.weight,a.weight_units,a.quantity,a.specifications, 
    CASE 
        WHEN `offer_type` = 0 THEN \'Percentage\' 
        WHEN `offer_type` = 1 THEN \'Flat discount\' 
        WHEN `offer_type` = 2 THEN \'None\' 
        ELSE \'Other\' 
    END AS `offer_type_label`, 
    b.lug_menu AS menu, 
    c.lug_submenu AS submenu,d.brand_name AS search_brand 
FROM
    tbl_luggagee_products AS a
    INNER JOIN tbl_luggage_menu AS b ON a.lug_menu_id = b.lug_menu_id
    INNER JOIN tbl_luggage_submenu AS c ON c.lug_submenu_id = a.lug_submenu_id
     LEFT JOIN brand_master AS d ON a.search_brand = d.brand_master_id
WHERE
    a.`flag` = 1 AND a.`quantity` <=0   AND b.`flag` = 1 AND c.flag = 1
  GROUP BY  a.prod_id 
UNION

SELECT DISTINCT
    a.prod_id,a.product_name,a.billing_name,a.product_price,a.offer_price,a.offer_type,
    a.offer_details,a.redirect_url,a.arrival_status,a.stock_status,a.prod_desc,a.hot_sale,
    a.search_brand,a.weight,a.weight_units,a.quantity,a.specifications, 
    CASE 
        WHEN `offer_type` = 0 THEN \'Percentage\' 
        WHEN `offer_type` = 1 THEN \'Flat discount\' 
        WHEN `offer_type` = 2 THEN \'None\' 
        ELSE \'Other\' 
    END AS `offer_type_label`, 
    b.h_menu AS menu, 
    c.h_submenu AS submenu,d.brand_name AS search_brand 
FROM
    tbl_helmet_products AS a 
    INNER JOIN tbl_helmet_menu AS b ON a.h_menu_id = b.h_menu_id
    INNER JOIN tbl_helmet_submenu AS c ON c.h_submenu_id = a.h_submenu_id
     LEFT JOIN brand_master AS d ON a.search_brand = d.brand_master_id
WHERE
    a.`flag` = 1 AND a.`quantity` <=  0  AND b.`flag` = 1 AND c.flag = 1
  GROUP BY  a.prod_id 
UNION

SELECT DISTINCT
    a.prod_id,a.product_name,a.billing_name,a.product_price,a.offer_price,a.offer_type,
    a.offer_details,a.redirect_url,a.arrival_status,a.stock_status,a.prod_desc,a.hot_sale,
    a.search_brand,a.weight,a.weight_units,a.quantity,a.specifications,
    CASE 
        WHEN `offer_type` = 0 THEN \'Percentage\' 
        WHEN `offer_type` = 1 THEN \'Flat discount\' 
        WHEN `offer_type` = 2 THEN \'None\' 
        ELSE \'Other\' 
    END AS `offer_type_label`, 
    b.camp_menu AS menu, 
    c.c_submenu AS submenu,d.brand_name AS search_brand  
FROM
    tbl_camping_products AS a 
    INNER JOIN tbl_camping_menu AS b ON a.camp_menu_id = b.camp_menu_id
    INNER JOIN tbl_camping_submenu AS c ON a.c_submenu_id = c.c_submenu_ida.c_submenu_id = c.c_submenu_id
     LEFT JOIN brand_master AS d ON a.search_brand = d.brand_master_id
WHERE
    a.`flag` = 1 AND a.`quantity` <= 0  AND b.`flag` = 1 AND c.flag = 1
GROUP BY a.prod_id
ORDER BY `product_name` ASC;
')
 3 APPPATH\Controllers\admin\AccessListController.php(631): CodeIgniter\Database\BaseConnection->query('SELECT DISTINCT
    a.prod_id,a.product_name,a.billing_name,a.product_price,a.offer_price,a.offer_type,
    a.offer_details,a.redirect_url,a.arrival_status,a.stock_status,a.prod_desc,a.hot_sale,
    a.search_brand,a.weight,a.weight_units,a.quantity,a.specifications,
    CASE 
        WHEN `offer_type` = 0 THEN \'Percentage\' 
        WHEN `offer_type` = 1 THEN \'Flat discount\' 
        WHEN `offer_type` = 2 THEN \'None\' 
        ELSE \'Other\' 
    END AS `offer_type_label`, 
    b.access_title AS menu, 
    c.sub_access_name AS submenu,d.brand_name AS search_brand 
FROM
    tbl_accessories_list AS a 
    INNER JOIN tbl_access_master AS b ON a.access_id = b.access_id 
    INNER JOIN tbl_subaccess_master AS c ON a.sub_access_id = c.sub_access_id
    LEFT JOIN brand_master AS d ON a.search_brand = d.brand_master_id
WHERE
    a.`flag` = 1 AND a.`quantity` <= 0 AND b.`flag` = 1 AND c.flag = 1
    GROUP BY  a.prod_id 

UNION

SELECT DISTINCT
    a.prod_id,a.product_name,a.billing_name,a.product_price,a.offer_price,a.offer_type,
    a.offer_details,a.redirect_url,a.arrival_status,a.stock_status,a.prod_desc,a.hot_sale,
    a.search_brand,a.weight,a.weight_units,a.quantity,a.specifications,
    CASE 
        WHEN `offer_type` = 0 THEN \'Percentage\' 
        WHEN `offer_type` = 1 THEN \'Flat discount\' 
        WHEN `offer_type` = 2 THEN \'None\' 
        ELSE \'Other\' 
    END AS `offer_type_label`, 
    b.r_menu AS menu, 
    c.r_sub_menu AS submenu,d.brand_name AS search_brand 
FROM
    tbl_rproduct_list AS a 
    INNER JOIN tbl_riding_menu AS b ON a.r_menu_id = b.r_menu_id
    INNER JOIN tbl_riding_submenu AS c ON a.r_sub_id = c.r_sub_id
     LEFT JOIN brand_master AS d ON a.search_brand = d.brand_master_id
WHERE
    a.`flag` = 1 AND a.`quantity` <=0  AND b.`flag` = 1 AND c.flag = 1
  GROUP BY  a.prod_id 
UNION

SELECT DISTINCT
    a.prod_id,a.product_name,a.billing_name,a.product_price,a.offer_price,a.offer_type,
    a.offer_details,a.redirect_url,a.arrival_status,a.stock_status,a.prod_desc,a.hot_sale,
    a.search_brand,a.weight,a.weight_units,a.quantity,a.specifications, 
    CASE 
        WHEN `offer_type` = 0 THEN \'Percentage\' 
        WHEN `offer_type` = 1 THEN \'Flat discount\' 
        WHEN `offer_type` = 2 THEN \'None\' 
        ELSE \'Other\' 
    END AS `offer_type_label`, 
    b.lug_menu AS menu, 
    c.lug_submenu AS submenu,d.brand_name AS search_brand 
FROM
    tbl_luggagee_products AS a
    INNER JOIN tbl_luggage_menu AS b ON a.lug_menu_id = b.lug_menu_id
    INNER JOIN tbl_luggage_submenu AS c ON c.lug_submenu_id = a.lug_submenu_id
     LEFT JOIN brand_master AS d ON a.search_brand = d.brand_master_id
WHERE
    a.`flag` = 1 AND a.`quantity` <=0   AND b.`flag` = 1 AND c.flag = 1
  GROUP BY  a.prod_id 
UNION

SELECT DISTINCT
    a.prod_id,a.product_name,a.billing_name,a.product_price,a.offer_price,a.offer_type,
    a.offer_details,a.redirect_url,a.arrival_status,a.stock_status,a.prod_desc,a.hot_sale,
    a.search_brand,a.weight,a.weight_units,a.quantity,a.specifications, 
    CASE 
        WHEN `offer_type` = 0 THEN \'Percentage\' 
        WHEN `offer_type` = 1 THEN \'Flat discount\' 
        WHEN `offer_type` = 2 THEN \'None\' 
        ELSE \'Other\' 
    END AS `offer_type_label`, 
    b.h_menu AS menu, 
    c.h_submenu AS submenu,d.brand_name AS search_brand 
FROM
    tbl_helmet_products AS a 
    INNER JOIN tbl_helmet_menu AS b ON a.h_menu_id = b.h_menu_id
    INNER JOIN tbl_helmet_submenu AS c ON c.h_submenu_id = a.h_submenu_id
     LEFT JOIN brand_master AS d ON a.search_brand = d.brand_master_id
WHERE
    a.`flag` = 1 AND a.`quantity` <=  0  AND b.`flag` = 1 AND c.flag = 1
  GROUP BY  a.prod_id 
UNION

SELECT DISTINCT
    a.prod_id,a.product_name,a.billing_name,a.product_price,a.offer_price,a.offer_type,
    a.offer_details,a.redirect_url,a.arrival_status,a.stock_status,a.prod_desc,a.hot_sale,
    a.search_brand,a.weight,a.weight_units,a.quantity,a.specifications,
    CASE 
        WHEN `offer_type` = 0 THEN \'Percentage\' 
        WHEN `offer_type` = 1 THEN \'Flat discount\' 
        WHEN `offer_type` = 2 THEN \'None\' 
        ELSE \'Other\' 
    END AS `offer_type_label`, 
    b.camp_menu AS menu, 
    c.c_submenu AS submenu,d.brand_name AS search_brand  
FROM
    tbl_camping_products AS a 
    INNER JOIN tbl_camping_menu AS b ON a.camp_menu_id = b.camp_menu_id
    INNER JOIN tbl_camping_submenu AS c ON a.c_submenu_id = c.c_submenu_ida.c_submenu_id = c.c_submenu_id
     LEFT JOIN brand_master AS d ON a.search_brand = d.brand_master_id
WHERE
    a.`flag` = 1 AND a.`quantity` <= 0  AND b.`flag` = 1 AND c.flag = 1
GROUP BY a.prod_id
ORDER BY `product_name` ASC;
')
 4 SYSTEMPATH\CodeIgniter.php(941): App\Controllers\admin\AccessListController->exportOutofStockList()
 5 SYSTEMPATH\CodeIgniter.php(502): CodeIgniter\CodeIgniter->runController(Object(App\Controllers\admin\AccessListController))
 6 SYSTEMPATH\CodeIgniter.php(361): CodeIgniter\CodeIgniter->handleRequest(null, Object(Config\Cache), false)
 7 FCPATH\index.php(79): CodeIgniter\CodeIgniter->run()
CRITICAL - 2024-12-04 04:46:13 --> [Caused by] mysqli_sql_exception: Unknown column 'c.c_submenu_ida.c_submenu_id' in 'on clause'
in SYSTEMPATH\Database\MySQLi\Connection.php on line 306.
 1 SYSTEMPATH\Database\MySQLi\Connection.php(306): mysqli->query('SELECT DISTINCT
    a.prod_id,a.product_name,a.billing_name,a.product_price,a.offer_price,a.offer_type,
    a.offer_details,a.redirect_url,a.arrival_status,a.stock_status,a.prod_desc,a.hot_sale,
    a.search_brand,a.weight,a.weight_units,a.quantity,a.specifications,
    CASE 
        WHEN `offer_type` = 0 THEN \'Percentage\' 
        WHEN `offer_type` = 1 THEN \'Flat discount\' 
        WHEN `offer_type` = 2 THEN \'None\' 
        ELSE \'Other\' 
    END AS `offer_type_label`, 
    b.access_title AS menu, 
    c.sub_access_name AS submenu,d.brand_name AS search_brand 
FROM
    tbl_accessories_list AS a 
    INNER JOIN tbl_access_master AS b ON a.access_id = b.access_id 
    INNER JOIN tbl_subaccess_master AS c ON a.sub_access_id = c.sub_access_id
    LEFT JOIN brand_master AS d ON a.search_brand = d.brand_master_id
WHERE
    a.`flag` = 1 AND a.`quantity` <= 0 AND b.`flag` = 1 AND c.flag = 1
    GROUP BY  a.prod_id 

UNION

SELECT DISTINCT
    a.prod_id,a.product_name,a.billing_name,a.product_price,a.offer_price,a.offer_type,
    a.offer_details,a.redirect_url,a.arrival_status,a.stock_status,a.prod_desc,a.hot_sale,
    a.search_brand,a.weight,a.weight_units,a.quantity,a.specifications,
    CASE 
        WHEN `offer_type` = 0 THEN \'Percentage\' 
        WHEN `offer_type` = 1 THEN \'Flat discount\' 
        WHEN `offer_type` = 2 THEN \'None\' 
        ELSE \'Other\' 
    END AS `offer_type_label`, 
    b.r_menu AS menu, 
    c.r_sub_menu AS submenu,d.brand_name AS search_brand 
FROM
    tbl_rproduct_list AS a 
    INNER JOIN tbl_riding_menu AS b ON a.r_menu_id = b.r_menu_id
    INNER JOIN tbl_riding_submenu AS c ON a.r_sub_id = c.r_sub_id
     LEFT JOIN brand_master AS d ON a.search_brand = d.brand_master_id
WHERE
    a.`flag` = 1 AND a.`quantity` <=0  AND b.`flag` = 1 AND c.flag = 1
  GROUP BY  a.prod_id 
UNION

SELECT DISTINCT
    a.prod_id,a.product_name,a.billing_name,a.product_price,a.offer_price,a.offer_type,
    a.offer_details,a.redirect_url,a.arrival_status,a.stock_status,a.prod_desc,a.hot_sale,
    a.search_brand,a.weight,a.weight_units,a.quantity,a.specifications, 
    CASE 
        WHEN `offer_type` = 0 THEN \'Percentage\' 
        WHEN `offer_type` = 1 THEN \'Flat discount\' 
        WHEN `offer_type` = 2 THEN \'None\' 
        ELSE \'Other\' 
    END AS `offer_type_label`, 
    b.lug_menu AS menu, 
    c.lug_submenu AS submenu,d.brand_name AS search_brand 
FROM
    tbl_luggagee_products AS a
    INNER JOIN tbl_luggage_menu AS b ON a.lug_menu_id = b.lug_menu_id
    INNER JOIN tbl_luggage_submenu AS c ON c.lug_submenu_id = a.lug_submenu_id
     LEFT JOIN brand_master AS d ON a.search_brand = d.brand_master_id
WHERE
    a.`flag` = 1 AND a.`quantity` <=0   AND b.`flag` = 1 AND c.flag = 1
  GROUP BY  a.prod_id 
UNION

SELECT DISTINCT
    a.prod_id,a.product_name,a.billing_name,a.product_price,a.offer_price,a.offer_type,
    a.offer_details,a.redirect_url,a.arrival_status,a.stock_status,a.prod_desc,a.hot_sale,
    a.search_brand,a.weight,a.weight_units,a.quantity,a.specifications, 
    CASE 
        WHEN `offer_type` = 0 THEN \'Percentage\' 
        WHEN `offer_type` = 1 THEN \'Flat discount\' 
        WHEN `offer_type` = 2 THEN \'None\' 
        ELSE \'Other\' 
    END AS `offer_type_label`, 
    b.h_menu AS menu, 
    c.h_submenu AS submenu,d.brand_name AS search_brand 
FROM
    tbl_helmet_products AS a 
    INNER JOIN tbl_helmet_menu AS b ON a.h_menu_id = b.h_menu_id
    INNER JOIN tbl_helmet_submenu AS c ON c.h_submenu_id = a.h_submenu_id
     LEFT JOIN brand_master AS d ON a.search_brand = d.brand_master_id
WHERE
    a.`flag` = 1 AND a.`quantity` <=  0  AND b.`flag` = 1 AND c.flag = 1
  GROUP BY  a.prod_id 
UNION

SELECT DISTINCT
    a.prod_id,a.product_name,a.billing_name,a.product_price,a.offer_price,a.offer_type,
    a.offer_details,a.redirect_url,a.arrival_status,a.stock_status,a.prod_desc,a.hot_sale,
    a.search_brand,a.weight,a.weight_units,a.quantity,a.specifications,
    CASE 
        WHEN `offer_type` = 0 THEN \'Percentage\' 
        WHEN `offer_type` = 1 THEN \'Flat discount\' 
        WHEN `offer_type` = 2 THEN \'None\' 
        ELSE \'Other\' 
    END AS `offer_type_label`, 
    b.camp_menu AS menu, 
    c.c_submenu AS submenu,d.brand_name AS search_brand  
FROM
    tbl_camping_products AS a 
    INNER JOIN tbl_camping_menu AS b ON a.camp_menu_id = b.camp_menu_id
    INNER JOIN tbl_camping_submenu AS c ON a.c_submenu_id = c.c_submenu_ida.c_submenu_id = c.c_submenu_id
     LEFT JOIN brand_master AS d ON a.search_brand = d.brand_master_id
WHERE
    a.`flag` = 1 AND a.`quantity` <= 0  AND b.`flag` = 1 AND c.flag = 1
GROUP BY a.prod_id
ORDER BY `product_name` ASC;
', 0)
 2 SYSTEMPATH\Database\BaseConnection.php(693): CodeIgniter\Database\MySQLi\Connection->execute('SELECT DISTINCT
    a.prod_id,a.product_name,a.billing_name,a.product_price,a.offer_price,a.offer_type,
    a.offer_details,a.redirect_url,a.arrival_status,a.stock_status,a.prod_desc,a.hot_sale,
    a.search_brand,a.weight,a.weight_units,a.quantity,a.specifications,
    CASE 
        WHEN `offer_type` = 0 THEN \'Percentage\' 
        WHEN `offer_type` = 1 THEN \'Flat discount\' 
        WHEN `offer_type` = 2 THEN \'None\' 
        ELSE \'Other\' 
    END AS `offer_type_label`, 
    b.access_title AS menu, 
    c.sub_access_name AS submenu,d.brand_name AS search_brand 
FROM
    tbl_accessories_list AS a 
    INNER JOIN tbl_access_master AS b ON a.access_id = b.access_id 
    INNER JOIN tbl_subaccess_master AS c ON a.sub_access_id = c.sub_access_id
    LEFT JOIN brand_master AS d ON a.search_brand = d.brand_master_id
WHERE
    a.`flag` = 1 AND a.`quantity` <= 0 AND b.`flag` = 1 AND c.flag = 1
    GROUP BY  a.prod_id 

UNION

SELECT DISTINCT
    a.prod_id,a.product_name,a.billing_name,a.product_price,a.offer_price,a.offer_type,
    a.offer_details,a.redirect_url,a.arrival_status,a.stock_status,a.prod_desc,a.hot_sale,
    a.search_brand,a.weight,a.weight_units,a.quantity,a.specifications,
    CASE 
        WHEN `offer_type` = 0 THEN \'Percentage\' 
        WHEN `offer_type` = 1 THEN \'Flat discount\' 
        WHEN `offer_type` = 2 THEN \'None\' 
        ELSE \'Other\' 
    END AS `offer_type_label`, 
    b.r_menu AS menu, 
    c.r_sub_menu AS submenu,d.brand_name AS search_brand 
FROM
    tbl_rproduct_list AS a 
    INNER JOIN tbl_riding_menu AS b ON a.r_menu_id = b.r_menu_id
    INNER JOIN tbl_riding_submenu AS c ON a.r_sub_id = c.r_sub_id
     LEFT JOIN brand_master AS d ON a.search_brand = d.brand_master_id
WHERE
    a.`flag` = 1 AND a.`quantity` <=0  AND b.`flag` = 1 AND c.flag = 1
  GROUP BY  a.prod_id 
UNION

SELECT DISTINCT
    a.prod_id,a.product_name,a.billing_name,a.product_price,a.offer_price,a.offer_type,
    a.offer_details,a.redirect_url,a.arrival_status,a.stock_status,a.prod_desc,a.hot_sale,
    a.search_brand,a.weight,a.weight_units,a.quantity,a.specifications, 
    CASE 
        WHEN `offer_type` = 0 THEN \'Percentage\' 
        WHEN `offer_type` = 1 THEN \'Flat discount\' 
        WHEN `offer_type` = 2 THEN \'None\' 
        ELSE \'Other\' 
    END AS `offer_type_label`, 
    b.lug_menu AS menu, 
    c.lug_submenu AS submenu,d.brand_name AS search_brand 
FROM
    tbl_luggagee_products AS a
    INNER JOIN tbl_luggage_menu AS b ON a.lug_menu_id = b.lug_menu_id
    INNER JOIN tbl_luggage_submenu AS c ON c.lug_submenu_id = a.lug_submenu_id
     LEFT JOIN brand_master AS d ON a.search_brand = d.brand_master_id
WHERE
    a.`flag` = 1 AND a.`quantity` <=0   AND b.`flag` = 1 AND c.flag = 1
  GROUP BY  a.prod_id 
UNION

SELECT DISTINCT
    a.prod_id,a.product_name,a.billing_name,a.product_price,a.offer_price,a.offer_type,
    a.offer_details,a.redirect_url,a.arrival_status,a.stock_status,a.prod_desc,a.hot_sale,
    a.search_brand,a.weight,a.weight_units,a.quantity,a.specifications, 
    CASE 
        WHEN `offer_type` = 0 THEN \'Percentage\' 
        WHEN `offer_type` = 1 THEN \'Flat discount\' 
        WHEN `offer_type` = 2 THEN \'None\' 
        ELSE \'Other\' 
    END AS `offer_type_label`, 
    b.h_menu AS menu, 
    c.h_submenu AS submenu,d.brand_name AS search_brand 
FROM
    tbl_helmet_products AS a 
    INNER JOIN tbl_helmet_menu AS b ON a.h_menu_id = b.h_menu_id
    INNER JOIN tbl_helmet_submenu AS c ON c.h_submenu_id = a.h_submenu_id
     LEFT JOIN brand_master AS d ON a.search_brand = d.brand_master_id
WHERE
    a.`flag` = 1 AND a.`quantity` <=  0  AND b.`flag` = 1 AND c.flag = 1
  GROUP BY  a.prod_id 
UNION

SELECT DISTINCT
    a.prod_id,a.product_name,a.billing_name,a.product_price,a.offer_price,a.offer_type,
    a.offer_details,a.redirect_url,a.arrival_status,a.stock_status,a.prod_desc,a.hot_sale,
    a.search_brand,a.weight,a.weight_units,a.quantity,a.specifications,
    CASE 
        WHEN `offer_type` = 0 THEN \'Percentage\' 
        WHEN `offer_type` = 1 THEN \'Flat discount\' 
        WHEN `offer_type` = 2 THEN \'None\' 
        ELSE \'Other\' 
    END AS `offer_type_label`, 
    b.camp_menu AS menu, 
    c.c_submenu AS submenu,d.brand_name AS search_brand  
FROM
    tbl_camping_products AS a 
    INNER JOIN tbl_camping_menu AS b ON a.camp_menu_id = b.camp_menu_id
    INNER JOIN tbl_camping_submenu AS c ON a.c_submenu_id = c.c_submenu_ida.c_submenu_id = c.c_submenu_id
     LEFT JOIN brand_master AS d ON a.search_brand = d.brand_master_id
WHERE
    a.`flag` = 1 AND a.`quantity` <= 0  AND b.`flag` = 1 AND c.flag = 1
GROUP BY a.prod_id
ORDER BY `product_name` ASC;
')
 3 SYSTEMPATH\Database\BaseConnection.php(607): CodeIgniter\Database\BaseConnection->simpleQuery('SELECT DISTINCT
    a.prod_id,a.product_name,a.billing_name,a.product_price,a.offer_price,a.offer_type,
    a.offer_details,a.redirect_url,a.arrival_status,a.stock_status,a.prod_desc,a.hot_sale,
    a.search_brand,a.weight,a.weight_units,a.quantity,a.specifications,
    CASE 
        WHEN `offer_type` = 0 THEN \'Percentage\' 
        WHEN `offer_type` = 1 THEN \'Flat discount\' 
        WHEN `offer_type` = 2 THEN \'None\' 
        ELSE \'Other\' 
    END AS `offer_type_label`, 
    b.access_title AS menu, 
    c.sub_access_name AS submenu,d.brand_name AS search_brand 
FROM
    tbl_accessories_list AS a 
    INNER JOIN tbl_access_master AS b ON a.access_id = b.access_id 
    INNER JOIN tbl_subaccess_master AS c ON a.sub_access_id = c.sub_access_id
    LEFT JOIN brand_master AS d ON a.search_brand = d.brand_master_id
WHERE
    a.`flag` = 1 AND a.`quantity` <= 0 AND b.`flag` = 1 AND c.flag = 1
    GROUP BY  a.prod_id 

UNION

SELECT DISTINCT
    a.prod_id,a.product_name,a.billing_name,a.product_price,a.offer_price,a.offer_type,
    a.offer_details,a.redirect_url,a.arrival_status,a.stock_status,a.prod_desc,a.hot_sale,
    a.search_brand,a.weight,a.weight_units,a.quantity,a.specifications,
    CASE 
        WHEN `offer_type` = 0 THEN \'Percentage\' 
        WHEN `offer_type` = 1 THEN \'Flat discount\' 
        WHEN `offer_type` = 2 THEN \'None\' 
        ELSE \'Other\' 
    END AS `offer_type_label`, 
    b.r_menu AS menu, 
    c.r_sub_menu AS submenu,d.brand_name AS search_brand 
FROM
    tbl_rproduct_list AS a 
    INNER JOIN tbl_riding_menu AS b ON a.r_menu_id = b.r_menu_id
    INNER JOIN tbl_riding_submenu AS c ON a.r_sub_id = c.r_sub_id
     LEFT JOIN brand_master AS d ON a.search_brand = d.brand_master_id
WHERE
    a.`flag` = 1 AND a.`quantity` <=0  AND b.`flag` = 1 AND c.flag = 1
  GROUP BY  a.prod_id 
UNION

SELECT DISTINCT
    a.prod_id,a.product_name,a.billing_name,a.product_price,a.offer_price,a.offer_type,
    a.offer_details,a.redirect_url,a.arrival_status,a.stock_status,a.prod_desc,a.hot_sale,
    a.search_brand,a.weight,a.weight_units,a.quantity,a.specifications, 
    CASE 
        WHEN `offer_type` = 0 THEN \'Percentage\' 
        WHEN `offer_type` = 1 THEN \'Flat discount\' 
        WHEN `offer_type` = 2 THEN \'None\' 
        ELSE \'Other\' 
    END AS `offer_type_label`, 
    b.lug_menu AS menu, 
    c.lug_submenu AS submenu,d.brand_name AS search_brand 
FROM
    tbl_luggagee_products AS a
    INNER JOIN tbl_luggage_menu AS b ON a.lug_menu_id = b.lug_menu_id
    INNER JOIN tbl_luggage_submenu AS c ON c.lug_submenu_id = a.lug_submenu_id
     LEFT JOIN brand_master AS d ON a.search_brand = d.brand_master_id
WHERE
    a.`flag` = 1 AND a.`quantity` <=0   AND b.`flag` = 1 AND c.flag = 1
  GROUP BY  a.prod_id 
UNION

SELECT DISTINCT
    a.prod_id,a.product_name,a.billing_name,a.product_price,a.offer_price,a.offer_type,
    a.offer_details,a.redirect_url,a.arrival_status,a.stock_status,a.prod_desc,a.hot_sale,
    a.search_brand,a.weight,a.weight_units,a.quantity,a.specifications, 
    CASE 
        WHEN `offer_type` = 0 THEN \'Percentage\' 
        WHEN `offer_type` = 1 THEN \'Flat discount\' 
        WHEN `offer_type` = 2 THEN \'None\' 
        ELSE \'Other\' 
    END AS `offer_type_label`, 
    b.h_menu AS menu, 
    c.h_submenu AS submenu,d.brand_name AS search_brand 
FROM
    tbl_helmet_products AS a 
    INNER JOIN tbl_helmet_menu AS b ON a.h_menu_id = b.h_menu_id
    INNER JOIN tbl_helmet_submenu AS c ON c.h_submenu_id = a.h_submenu_id
     LEFT JOIN brand_master AS d ON a.search_brand = d.brand_master_id
WHERE
    a.`flag` = 1 AND a.`quantity` <=  0  AND b.`flag` = 1 AND c.flag = 1
  GROUP BY  a.prod_id 
UNION

SELECT DISTINCT
    a.prod_id,a.product_name,a.billing_name,a.product_price,a.offer_price,a.offer_type,
    a.offer_details,a.redirect_url,a.arrival_status,a.stock_status,a.prod_desc,a.hot_sale,
    a.search_brand,a.weight,a.weight_units,a.quantity,a.specifications,
    CASE 
        WHEN `offer_type` = 0 THEN \'Percentage\' 
        WHEN `offer_type` = 1 THEN \'Flat discount\' 
        WHEN `offer_type` = 2 THEN \'None\' 
        ELSE \'Other\' 
    END AS `offer_type_label`, 
    b.camp_menu AS menu, 
    c.c_submenu AS submenu,d.brand_name AS search_brand  
FROM
    tbl_camping_products AS a 
    INNER JOIN tbl_camping_menu AS b ON a.camp_menu_id = b.camp_menu_id
    INNER JOIN tbl_camping_submenu AS c ON a.c_submenu_id = c.c_submenu_ida.c_submenu_id = c.c_submenu_id
     LEFT JOIN brand_master AS d ON a.search_brand = d.brand_master_id
WHERE
    a.`flag` = 1 AND a.`quantity` <= 0  AND b.`flag` = 1 AND c.flag = 1
GROUP BY a.prod_id
ORDER BY `product_name` ASC;
')
 4 APPPATH\Controllers\admin\AccessListController.php(631): CodeIgniter\Database\BaseConnection->query('SELECT DISTINCT
    a.prod_id,a.product_name,a.billing_name,a.product_price,a.offer_price,a.offer_type,
    a.offer_details,a.redirect_url,a.arrival_status,a.stock_status,a.prod_desc,a.hot_sale,
    a.search_brand,a.weight,a.weight_units,a.quantity,a.specifications,
    CASE 
        WHEN `offer_type` = 0 THEN \'Percentage\' 
        WHEN `offer_type` = 1 THEN \'Flat discount\' 
        WHEN `offer_type` = 2 THEN \'None\' 
        ELSE \'Other\' 
    END AS `offer_type_label`, 
    b.access_title AS menu, 
    c.sub_access_name AS submenu,d.brand_name AS search_brand 
FROM
    tbl_accessories_list AS a 
    INNER JOIN tbl_access_master AS b ON a.access_id = b.access_id 
    INNER JOIN tbl_subaccess_master AS c ON a.sub_access_id = c.sub_access_id
    LEFT JOIN brand_master AS d ON a.search_brand = d.brand_master_id
WHERE
    a.`flag` = 1 AND a.`quantity` <= 0 AND b.`flag` = 1 AND c.flag = 1
    GROUP BY  a.prod_id 

UNION

SELECT DISTINCT
    a.prod_id,a.product_name,a.billing_name,a.product_price,a.offer_price,a.offer_type,
    a.offer_details,a.redirect_url,a.arrival_status,a.stock_status,a.prod_desc,a.hot_sale,
    a.search_brand,a.weight,a.weight_units,a.quantity,a.specifications,
    CASE 
        WHEN `offer_type` = 0 THEN \'Percentage\' 
        WHEN `offer_type` = 1 THEN \'Flat discount\' 
        WHEN `offer_type` = 2 THEN \'None\' 
        ELSE \'Other\' 
    END AS `offer_type_label`, 
    b.r_menu AS menu, 
    c.r_sub_menu AS submenu,d.brand_name AS search_brand 
FROM
    tbl_rproduct_list AS a 
    INNER JOIN tbl_riding_menu AS b ON a.r_menu_id = b.r_menu_id
    INNER JOIN tbl_riding_submenu AS c ON a.r_sub_id = c.r_sub_id
     LEFT JOIN brand_master AS d ON a.search_brand = d.brand_master_id
WHERE
    a.`flag` = 1 AND a.`quantity` <=0  AND b.`flag` = 1 AND c.flag = 1
  GROUP BY  a.prod_id 
UNION

SELECT DISTINCT
    a.prod_id,a.product_name,a.billing_name,a.product_price,a.offer_price,a.offer_type,
    a.offer_details,a.redirect_url,a.arrival_status,a.stock_status,a.prod_desc,a.hot_sale,
    a.search_brand,a.weight,a.weight_units,a.quantity,a.specifications, 
    CASE 
        WHEN `offer_type` = 0 THEN \'Percentage\' 
        WHEN `offer_type` = 1 THEN \'Flat discount\' 
        WHEN `offer_type` = 2 THEN \'None\' 
        ELSE \'Other\' 
    END AS `offer_type_label`, 
    b.lug_menu AS menu, 
    c.lug_submenu AS submenu,d.brand_name AS search_brand 
FROM
    tbl_luggagee_products AS a
    INNER JOIN tbl_luggage_menu AS b ON a.lug_menu_id = b.lug_menu_id
    INNER JOIN tbl_luggage_submenu AS c ON c.lug_submenu_id = a.lug_submenu_id
     LEFT JOIN brand_master AS d ON a.search_brand = d.brand_master_id
WHERE
    a.`flag` = 1 AND a.`quantity` <=0   AND b.`flag` = 1 AND c.flag = 1
  GROUP BY  a.prod_id 
UNION

SELECT DISTINCT
    a.prod_id,a.product_name,a.billing_name,a.product_price,a.offer_price,a.offer_type,
    a.offer_details,a.redirect_url,a.arrival_status,a.stock_status,a.prod_desc,a.hot_sale,
    a.search_brand,a.weight,a.weight_units,a.quantity,a.specifications, 
    CASE 
        WHEN `offer_type` = 0 THEN \'Percentage\' 
        WHEN `offer_type` = 1 THEN \'Flat discount\' 
        WHEN `offer_type` = 2 THEN \'None\' 
        ELSE \'Other\' 
    END AS `offer_type_label`, 
    b.h_menu AS menu, 
    c.h_submenu AS submenu,d.brand_name AS search_brand 
FROM
    tbl_helmet_products AS a 
    INNER JOIN tbl_helmet_menu AS b ON a.h_menu_id = b.h_menu_id
    INNER JOIN tbl_helmet_submenu AS c ON c.h_submenu_id = a.h_submenu_id
     LEFT JOIN brand_master AS d ON a.search_brand = d.brand_master_id
WHERE
    a.`flag` = 1 AND a.`quantity` <=  0  AND b.`flag` = 1 AND c.flag = 1
  GROUP BY  a.prod_id 
UNION

SELECT DISTINCT
    a.prod_id,a.product_name,a.billing_name,a.product_price,a.offer_price,a.offer_type,
    a.offer_details,a.redirect_url,a.arrival_status,a.stock_status,a.prod_desc,a.hot_sale,
    a.search_brand,a.weight,a.weight_units,a.quantity,a.specifications,
    CASE 
        WHEN `offer_type` = 0 THEN \'Percentage\' 
        WHEN `offer_type` = 1 THEN \'Flat discount\' 
        WHEN `offer_type` = 2 THEN \'None\' 
        ELSE \'Other\' 
    END AS `offer_type_label`, 
    b.camp_menu AS menu, 
    c.c_submenu AS submenu,d.brand_name AS search_brand  
FROM
    tbl_camping_products AS a 
    INNER JOIN tbl_camping_menu AS b ON a.camp_menu_id = b.camp_menu_id
    INNER JOIN tbl_camping_submenu AS c ON a.c_submenu_id = c.c_submenu_ida.c_submenu_id = c.c_submenu_id
     LEFT JOIN brand_master AS d ON a.search_brand = d.brand_master_id
WHERE
    a.`flag` = 1 AND a.`quantity` <= 0  AND b.`flag` = 1 AND c.flag = 1
GROUP BY a.prod_id
ORDER BY `product_name` ASC;
')
 5 SYSTEMPATH\CodeIgniter.php(941): App\Controllers\admin\AccessListController->exportOutofStockList()
 6 SYSTEMPATH\CodeIgniter.php(502): CodeIgniter\CodeIgniter->runController(Object(App\Controllers\admin\AccessListController))
 7 SYSTEMPATH\CodeIgniter.php(361): CodeIgniter\CodeIgniter->handleRequest(null, Object(Config\Cache), false)
 8 FCPATH\index.php(79): CodeIgniter\CodeIgniter->run()
