=ERROR - 2024-11-18 10:17:30 --> Error connecting to the database: mysqli_sql_exception: Unknown database 'adv' in C:\xampp\htdocs\ci4projects\adventure_final\vendor\codeigniter4\framework\system\Database\MySQLi\Connection.php:185
Stack trace:
#0 C:\xampp\htdocs\ci4projects\adventure_final\vendor\codeigniter4\framework\system\Database\MySQLi\Connection.php(185): mysqli->real_connect('localhost', 'root', '', 'adv', 3306, '', 0)
#1 C:\xampp\htdocs\ci4projects\adventure_final\vendor\codeigniter4\framework\system\Database\BaseConnection.php(392): CodeIgniter\Database\MySQLi\Connection->connect(false)
#2 C:\xampp\htdocs\ci4projects\adventure_final\vendor\codeigniter4\framework\system\Database\BaseConnection.php(575): CodeIgniter\Database\BaseConnection->initialize()
#3 C:\xampp\htdocs\ci4projects\adventure_final\app\Controllers\Home.php(16): CodeIgniter\Database\BaseConnection->query('SELECT * FROM `...')
#4 C:\xampp\htdocs\ci4projects\adventure_final\app\Controllers\Home.php(36): App\Controllers\Home->headerlist()
#5 C:\xampp\htdocs\ci4projects\adventure_final\vendor\codeigniter4\framework\system\CodeIgniter.php(941): App\Controllers\Home->index()
#6 C:\xampp\htdocs\ci4projects\adventure_final\vendor\codeigniter4\framework\system\CodeIgniter.php(502): CodeIgniter\CodeIgniter->runController(Object(App\Controllers\Home))
#7 C:\xampp\htdocs\ci4projects\adventure_final\vendor\codeigniter4\framework\system\CodeIgniter.php(361): CodeIgniter\CodeIgniter->handleRequest(NULL, Object(Config\Cache), false)
#8 C:\xampp\htdocs\ci4projects\adventure_final\index.php(79): CodeIgniter\CodeIgniter->run()
#9 {main}

Next CodeIgniter\Database\Exceptions\DatabaseException: Unknown database 'adv' in C:\xampp\htdocs\ci4projects\adventure_final\vendor\codeigniter4\framework\system\Database\MySQLi\Connection.php:229
Stack trace:
#0 C:\xampp\htdocs\ci4projects\adventure_final\vendor\codeigniter4\framework\system\Database\BaseConnection.php(392): CodeIgniter\Database\MySQLi\Connection->connect(false)
#1 C:\xampp\htdocs\ci4projects\adventure_final\vendor\codeigniter4\framework\system\Database\BaseConnection.php(575): CodeIgniter\Database\BaseConnection->initialize()
#2 C:\xampp\htdocs\ci4projects\adventure_final\app\Controllers\Home.php(16): CodeIgniter\Database\BaseConnection->query('SELECT * FROM `...')
#3 C:\xampp\htdocs\ci4projects\adventure_final\app\Controllers\Home.php(36): App\Controllers\Home->headerlist()
#4 C:\xampp\htdocs\ci4projects\adventure_final\vendor\codeigniter4\framework\system\CodeIgniter.php(941): App\Controllers\Home->index()
#5 C:\xampp\htdocs\ci4projects\adventure_final\vendor\codeigniter4\framework\system\CodeIgniter.php(502): CodeIgniter\CodeIgniter->runController(Object(App\Controllers\Home))
#6 C:\xampp\htdocs\ci4projects\adventure_final\vendor\codeigniter4\framework\system\CodeIgniter.php(361): CodeIgniter\CodeIgniter->handleRequest(NULL, Object(Config\Cache), false)
#7 C:\xampp\htdocs\ci4projects\adventure_final\index.php(79): CodeIgniter\CodeIgniter->run()
#8 {main}
CRITICAL - 2024-11-18 10:17:30 --> CodeIgniter\Database\Exceptions\DatabaseException: Unable to connect to the database.
Main connection [MySQLi]: Unknown database 'adv'
in SYSTEMPATH\Database\BaseConnection.php on line 428.
 1 SYSTEMPATH\Database\BaseConnection.php(575): CodeIgniter\Database\BaseConnection->initialize()
 2 APPPATH\Controllers\Home.php(16): CodeIgniter\Database\BaseConnection->query('SELECT * FROM `brand_master` WHERE  `flag` =1 ORDER BY brand_name ASC')
 3 APPPATH\Controllers\Home.php(36): App\Controllers\Home->headerlist()
 4 SYSTEMPATH\CodeIgniter.php(941): App\Controllers\Home->index()
 5 SYSTEMPATH\CodeIgniter.php(502): CodeIgniter\CodeIgniter->runController(Object(App\Controllers\Home))
 6 SYSTEMPATH\CodeIgniter.php(361): CodeIgniter\CodeIgniter->handleRequest(null, Object(Config\Cache), false)
 7 FCPATH\index.php(79): CodeIgniter\CodeIgniter->run()
ERROR - 2024-11-18 10:21:42 --> Error connecting to the database: mysqli_sql_exception: Unknown database 'adventure_shoppe' in C:\xampp\htdocs\ci4projects\adventure_final\vendor\codeigniter4\framework\system\Database\MySQLi\Connection.php:185
Stack trace:
#0 C:\xampp\htdocs\ci4projects\adventure_final\vendor\codeigniter4\framework\system\Database\MySQLi\Connection.php(185): mysqli->real_connect('localhost', 'root', '', 'adventure_shopp...', 3306, '', 0)
#1 C:\xampp\htdocs\ci4projects\adventure_final\vendor\codeigniter4\framework\system\Database\BaseConnection.php(392): CodeIgniter\Database\MySQLi\Connection->connect(false)
#2 C:\xampp\htdocs\ci4projects\adventure_final\vendor\codeigniter4\framework\system\Database\BaseConnection.php(575): CodeIgniter\Database\BaseConnection->initialize()
#3 C:\xampp\htdocs\ci4projects\adventure_final\app\Controllers\Home.php(16): CodeIgniter\Database\BaseConnection->query('SELECT * FROM `...')
#4 C:\xampp\htdocs\ci4projects\adventure_final\app\Controllers\Home.php(36): App\Controllers\Home->headerlist()
#5 C:\xampp\htdocs\ci4projects\adventure_final\vendor\codeigniter4\framework\system\CodeIgniter.php(941): App\Controllers\Home->index()
#6 C:\xampp\htdocs\ci4projects\adventure_final\vendor\codeigniter4\framework\system\CodeIgniter.php(502): CodeIgniter\CodeIgniter->runController(Object(App\Controllers\Home))
#7 C:\xampp\htdocs\ci4projects\adventure_final\vendor\codeigniter4\framework\system\CodeIgniter.php(361): CodeIgniter\CodeIgniter->handleRequest(NULL, Object(Config\Cache), false)
#8 C:\xampp\htdocs\ci4projects\adventure_final\index.php(79): CodeIgniter\CodeIgniter->run()
#9 {main}

Next CodeIgniter\Database\Exceptions\DatabaseException: Unknown database 'adventure_shoppe' in C:\xampp\htdocs\ci4projects\adventure_final\vendor\codeigniter4\framework\system\Database\MySQLi\Connection.php:229
Stack trace:
#0 C:\xampp\htdocs\ci4projects\adventure_final\vendor\codeigniter4\framework\system\Database\BaseConnection.php(392): CodeIgniter\Database\MySQLi\Connection->connect(false)
#1 C:\xampp\htdocs\ci4projects\adventure_final\vendor\codeigniter4\framework\system\Database\BaseConnection.php(575): CodeIgniter\Database\BaseConnection->initialize()
#2 C:\xampp\htdocs\ci4projects\adventure_final\app\Controllers\Home.php(16): CodeIgniter\Database\BaseConnection->query('SELECT * FROM `...')
#3 C:\xampp\htdocs\ci4projects\adventure_final\app\Controllers\Home.php(36): App\Controllers\Home->headerlist()
#4 C:\xampp\htdocs\ci4projects\adventure_final\vendor\codeigniter4\framework\system\CodeIgniter.php(941): App\Controllers\Home->index()
#5 C:\xampp\htdocs\ci4projects\adventure_final\vendor\codeigniter4\framework\system\CodeIgniter.php(502): CodeIgniter\CodeIgniter->runController(Object(App\Controllers\Home))
#6 C:\xampp\htdocs\ci4projects\adventure_final\vendor\codeigniter4\framework\system\CodeIgniter.php(361): CodeIgniter\CodeIgniter->handleRequest(NULL, Object(Config\Cache), false)
#7 C:\xampp\htdocs\ci4projects\adventure_final\index.php(79): CodeIgniter\CodeIgniter->run()
#8 {main}
CRITICAL - 2024-11-18 10:21:42 --> CodeIgniter\Database\Exceptions\DatabaseException: Unable to connect to the database.
Main connection [MySQLi]: Unknown database 'adventure_shoppe'
in SYSTEMPATH\Database\BaseConnection.php on line 428.
 1 SYSTEMPATH\Database\BaseConnection.php(575): CodeIgniter\Database\BaseConnection->initialize()
 2 APPPATH\Controllers\Home.php(16): CodeIgniter\Database\BaseConnection->query('SELECT * FROM `brand_master` WHERE  `flag` =1 ORDER BY brand_name ASC')
 3 APPPATH\Controllers\Home.php(36): App\Controllers\Home->headerlist()
 4 SYSTEMPATH\CodeIgniter.php(941): App\Controllers\Home->index()
 5 SYSTEMPATH\CodeIgniter.php(502): CodeIgniter\CodeIgniter->runController(Object(App\Controllers\Home))
 6 SYSTEMPATH\CodeIgniter.php(361): CodeIgniter\CodeIgniter->handleRequest(null, Object(Config\Cache), false)
 7 FCPATH\index.php(79): CodeIgniter\CodeIgniter->run()
ERROR - 2024-11-18 11:45:19 --> mysqli_sql_exception: You have an error in your SQL syntax; check the manual that corresponds to your MariaDB server version for the right syntax to use near 'me ASC' at line 2 in C:\xampp\htdocs\ci4projects\adventure_final\vendor\codeigniter4\framework\system\Database\MySQLi\Connection.php:306
Stack trace:
#0 C:\xampp\htdocs\ci4projects\adventure_final\vendor\codeigniter4\framework\system\Database\MySQLi\Connection.php(306): mysqli->query('SELECT `brand_i...', 0)
#1 C:\xampp\htdocs\ci4projects\adventure_final\vendor\codeigniter4\framework\system\Database\BaseConnection.php(693): CodeIgniter\Database\MySQLi\Connection->execute('SELECT `brand_i...')
#2 C:\xampp\htdocs\ci4projects\adventure_final\vendor\codeigniter4\framework\system\Database\BaseConnection.php(607): CodeIgniter\Database\BaseConnection->simpleQuery('SELECT `brand_i...')
#3 C:\xampp\htdocs\ci4projects\adventure_final\app\Controllers\Home.php(17): CodeIgniter\Database\BaseConnection->query('SELECT `brand_i...')
#4 C:\xampp\htdocs\ci4projects\adventure_final\app\Controllers\Home.php(37): App\Controllers\Home->headerlist()
#5 C:\xampp\htdocs\ci4projects\adventure_final\vendor\codeigniter4\framework\system\CodeIgniter.php(941): App\Controllers\Home->index()
#6 C:\xampp\htdocs\ci4projects\adventure_final\vendor\codeigniter4\framework\system\CodeIgniter.php(502): CodeIgniter\CodeIgniter->runController(Object(App\Controllers\Home))
#7 C:\xampp\htdocs\ci4projects\adventure_final\vendor\codeigniter4\framework\system\CodeIgniter.php(361): CodeIgniter\CodeIgniter->handleRequest(NULL, Object(Config\Cache), false)
#8 C:\xampp\htdocs\ci4projects\adventure_final\index.php(79): CodeIgniter\CodeIgniter->run()
#9 {main}
CRITICAL - 2024-11-18 11:45:19 --> CodeIgniter\Database\Exceptions\DatabaseException: You have an error in your SQL syntax; check the manual that corresponds to your MariaDB server version for the right syntax to use near 'me ASC' at line 2
in SYSTEMPATH\Database\BaseConnection.php on line 647.
 1 APPPATH\Controllers\Home.php(17): CodeIgniter\Database\BaseConnection->query('SELECT `brand_id`, CONCAT(UPPER(SUBSTRING(brand_name, 1, 1)), LOWER(SUBSTRING(brand_name, 2))) AS `brand_name`,`brand_img`
FROM tbl_brand_master WHERE `flag` = 1 ORDER BY `brand_name` ASC;me ASC')
 2 APPPATH\Controllers\Home.php(37): App\Controllers\Home->headerlist()
 3 SYSTEMPATH\CodeIgniter.php(941): App\Controllers\Home->index()
 4 SYSTEMPATH\CodeIgniter.php(502): CodeIgniter\CodeIgniter->runController(Object(App\Controllers\Home))
 5 SYSTEMPATH\CodeIgniter.php(361): CodeIgniter\CodeIgniter->handleRequest(null, Object(Config\Cache), false)
 6 FCPATH\index.php(79): CodeIgniter\CodeIgniter->run()
CRITICAL - 2024-11-18 11:45:19 --> [Caused by] CodeIgniter\Database\Exceptions\DatabaseException: You have an error in your SQL syntax; check the manual that corresponds to your MariaDB server version for the right syntax to use near 'me ASC' at line 2
in SYSTEMPATH\Database\MySQLi\Connection.php on line 311.
 1 SYSTEMPATH\Database\BaseConnection.php(693): CodeIgniter\Database\MySQLi\Connection->execute('SELECT `brand_id`, CONCAT(UPPER(SUBSTRING(brand_name, 1, 1)), LOWER(SUBSTRING(brand_name, 2))) AS `brand_name`,`brand_img`
FROM tbl_brand_master WHERE `flag` = 1 ORDER BY `brand_name` ASC;me ASC')
 2 SYSTEMPATH\Database\BaseConnection.php(607): CodeIgniter\Database\BaseConnection->simpleQuery('SELECT `brand_id`, CONCAT(UPPER(SUBSTRING(brand_name, 1, 1)), LOWER(SUBSTRING(brand_name, 2))) AS `brand_name`,`brand_img`
FROM tbl_brand_master WHERE `flag` = 1 ORDER BY `brand_name` ASC;me ASC')
 3 APPPATH\Controllers\Home.php(17): CodeIgniter\Database\BaseConnection->query('SELECT `brand_id`, CONCAT(UPPER(SUBSTRING(brand_name, 1, 1)), LOWER(SUBSTRING(brand_name, 2))) AS `brand_name`,`brand_img`
FROM tbl_brand_master WHERE `flag` = 1 ORDER BY `brand_name` ASC;me ASC')
 4 APPPATH\Controllers\Home.php(37): App\Controllers\Home->headerlist()
 5 SYSTEMPATH\CodeIgniter.php(941): App\Controllers\Home->index()
 6 SYSTEMPATH\CodeIgniter.php(502): CodeIgniter\CodeIgniter->runController(Object(App\Controllers\Home))
 7 SYSTEMPATH\CodeIgniter.php(361): CodeIgniter\CodeIgniter->handleRequest(null, Object(Config\Cache), false)
 8 FCPATH\index.php(79): CodeIgniter\CodeIgniter->run()
CRITICAL - 2024-11-18 11:45:19 --> [Caused by] mysqli_sql_exception: You have an error in your SQL syntax; check the manual that corresponds to your MariaDB server version for the right syntax to use near 'me ASC' at line 2
in SYSTEMPATH\Database\MySQLi\Connection.php on line 306.
 1 SYSTEMPATH\Database\MySQLi\Connection.php(306): mysqli->query('SELECT `brand_id`, CONCAT(UPPER(SUBSTRING(brand_name, 1, 1)), LOWER(SUBSTRING(brand_name, 2))) AS `brand_name`,`brand_img`
FROM tbl_brand_master WHERE `flag` = 1 ORDER BY `brand_name` ASC;me ASC', 0)
 2 SYSTEMPATH\Database\BaseConnection.php(693): CodeIgniter\Database\MySQLi\Connection->execute('SELECT `brand_id`, CONCAT(UPPER(SUBSTRING(brand_name, 1, 1)), LOWER(SUBSTRING(brand_name, 2))) AS `brand_name`,`brand_img`
FROM tbl_brand_master WHERE `flag` = 1 ORDER BY `brand_name` ASC;me ASC')
 3 SYSTEMPATH\Database\BaseConnection.php(607): CodeIgniter\Database\BaseConnection->simpleQuery('SELECT `brand_id`, CONCAT(UPPER(SUBSTRING(brand_name, 1, 1)), LOWER(SUBSTRING(brand_name, 2))) AS `brand_name`,`brand_img`
FROM tbl_brand_master WHERE `flag` = 1 ORDER BY `brand_name` ASC;me ASC')
 4 APPPATH\Controllers\Home.php(17): CodeIgniter\Database\BaseConnection->query('SELECT `brand_id`, CONCAT(UPPER(SUBSTRING(brand_name, 1, 1)), LOWER(SUBSTRING(brand_name, 2))) AS `brand_name`,`brand_img`
FROM tbl_brand_master WHERE `flag` = 1 ORDER BY `brand_name` ASC;me ASC')
 5 APPPATH\Controllers\Home.php(37): App\Controllers\Home->headerlist()
 6 SYSTEMPATH\CodeIgniter.php(941): App\Controllers\Home->index()
 7 SYSTEMPATH\CodeIgniter.php(502): CodeIgniter\CodeIgniter->runController(Object(App\Controllers\Home))
 8 SYSTEMPATH\CodeIgniter.php(361): CodeIgniter\CodeIgniter->handleRequest(null, Object(Config\Cache), false)
 9 FCPATH\index.php(79): CodeIgniter\CodeIgniter->run()
