CRITICAL - 2024-11-22 11:39:03 --> ParseError: syntax error, unexpected '$new_arrivals' (T_VARIABLE)
in APPPATH\Views\index.php on line 335.
 1 SYSTEMPATH\View\View.php(231): CodeIgniter\View\View->CodeIgniter\View\{closure}()
 2 SYSTEMPATH\Common.php(1178): CodeIgniter\View\View->render('index', [], true)
 3 APPPATH\Controllers\Home.php(279): view('index', [...])
 4 SYSTEMPATH\CodeIgniter.php(941): App\Controllers\Home->index()
 5 SYSTEMPATH\CodeIgniter.php(502): CodeIgniter\CodeIgniter->runController(Object(App\Controllers\Home))
 6 SYSTEMPATH\CodeIgniter.php(361): CodeIgniter\CodeIgniter->handleRequest(null, Object(Config\Cache), false)
 7 FCPATH\index.php(79): CodeIgniter\CodeIgniter->run()
CRITICAL - 2024-11-22 11:39:05 --> ParseError: syntax error, unexpected '$new_arrivals' (T_VARIABLE)
in APPPATH\Views\index.php on line 335.
 1 SYSTEMPATH\View\View.php(231): CodeIgniter\View\View->CodeIgniter\View\{closure}()
 2 SYSTEMPATH\Common.php(1178): CodeIgniter\View\View->render('index', [], true)
 3 APPPATH\Controllers\Home.php(279): view('index', [...])
 4 SYSTEMPATH\CodeIgniter.php(941): App\Controllers\Home->index()
 5 SYSTEMPATH\CodeIgniter.php(502): CodeIgniter\CodeIgniter->runController(Object(App\Controllers\Home))
 6 SYSTEMPATH\CodeIgniter.php(361): CodeIgniter\CodeIgniter->handleRequest(null, Object(Config\Cache), false)
 7 FCPATH\index.php(79): CodeIgniter\CodeIgniter->run()
CRITICAL - 2024-11-22 11:39:50 --> ParseError: syntax error, unexpected '=', expecting ')'
in APPPATH\Views\index.php on line 338.
 1 SYSTEMPATH\View\View.php(231): CodeIgniter\View\View->CodeIgniter\View\{closure}()
 2 SYSTEMPATH\Common.php(1178): CodeIgniter\View\View->render('index', [], true)
 3 APPPATH\Controllers\Home.php(279): view('index', [...])
 4 SYSTEMPATH\CodeIgniter.php(941): App\Controllers\Home->index()
 5 SYSTEMPATH\CodeIgniter.php(502): CodeIgniter\CodeIgniter->runController(Object(App\Controllers\Home))
 6 SYSTEMPATH\CodeIgniter.php(361): CodeIgniter\CodeIgniter->handleRequest(null, Object(Config\Cache), false)
 7 FCPATH\index.php(79): CodeIgniter\CodeIgniter->run()
ERROR - 2024-11-22 12:13:09 --> mysqli_sql_exception: You have an error in your SQL syntax; check the manual that corresponds to your MariaDB server version for the right syntax to use near '' at line 1 in C:\xampp\htdocs\ci4projects\adventure_final\vendor\codeigniter4\framework\system\Database\MySQLi\Connection.php:306
Stack trace:
#0 C:\xampp\htdocs\ci4projects\adventure_final\vendor\codeigniter4\framework\system\Database\MySQLi\Connection.php(306): mysqli->query('SELECT * FROM t...', 0)
#1 C:\xampp\htdocs\ci4projects\adventure_final\vendor\codeigniter4\framework\system\Database\BaseConnection.php(693): CodeIgniter\Database\MySQLi\Connection->execute('SELECT * FROM t...')
#2 C:\xampp\htdocs\ci4projects\adventure_final\vendor\codeigniter4\framework\system\Database\BaseConnection.php(607): CodeIgniter\Database\BaseConnection->simpleQuery('SELECT * FROM t...')
#3 C:\xampp\htdocs\ci4projects\adventure_final\app\Controllers\SearchController.php(311): CodeIgniter\Database\BaseConnection->query('SELECT * FROM t...')
#4 C:\xampp\htdocs\ci4projects\adventure_final\vendor\codeigniter4\framework\system\CodeIgniter.php(941): App\Controllers\SearchController->prodFilter()
#5 C:\xampp\htdocs\ci4projects\adventure_final\vendor\codeigniter4\framework\system\CodeIgniter.php(502): CodeIgniter\CodeIgniter->runController(Object(App\Controllers\SearchController))
#6 C:\xampp\htdocs\ci4projects\adventure_final\vendor\codeigniter4\framework\system\CodeIgniter.php(361): CodeIgniter\CodeIgniter->handleRequest(NULL, Object(Config\Cache), false)
#7 C:\xampp\htdocs\ci4projects\adventure_final\index.php(79): CodeIgniter\CodeIgniter->run()
#8 {main}
CRITICAL - 2024-11-22 12:13:09 --> CodeIgniter\Database\Exceptions\DatabaseException: You have an error in your SQL syntax; check the manual that corresponds to your MariaDB server version for the right syntax to use near '' at line 1
in SYSTEMPATH\Database\BaseConnection.php on line 647.
 1 APPPATH\Controllers\SearchController.php(311): CodeIgniter\Database\BaseConnection->query('SELECT * FROM tbl_accessories_list WHERE `flag` = 1 AND sub_access_id = ')
 2 SYSTEMPATH\CodeIgniter.php(941): App\Controllers\SearchController->prodFilter()
 3 SYSTEMPATH\CodeIgniter.php(502): CodeIgniter\CodeIgniter->runController(Object(App\Controllers\SearchController))
 4 SYSTEMPATH\CodeIgniter.php(361): CodeIgniter\CodeIgniter->handleRequest(null, Object(Config\Cache), false)
 5 FCPATH\index.php(79): CodeIgniter\CodeIgniter->run()
CRITICAL - 2024-11-22 12:13:09 --> [Caused by] CodeIgniter\Database\Exceptions\DatabaseException: You have an error in your SQL syntax; check the manual that corresponds to your MariaDB server version for the right syntax to use near '' at line 1
in SYSTEMPATH\Database\MySQLi\Connection.php on line 311.
 1 SYSTEMPATH\Database\BaseConnection.php(693): CodeIgniter\Database\MySQLi\Connection->execute('SELECT * FROM tbl_accessories_list WHERE `flag` = 1 AND sub_access_id = ')
 2 SYSTEMPATH\Database\BaseConnection.php(607): CodeIgniter\Database\BaseConnection->simpleQuery('SELECT * FROM tbl_accessories_list WHERE `flag` = 1 AND sub_access_id = ')
 3 APPPATH\Controllers\SearchController.php(311): CodeIgniter\Database\BaseConnection->query('SELECT * FROM tbl_accessories_list WHERE `flag` = 1 AND sub_access_id = ')
 4 SYSTEMPATH\CodeIgniter.php(941): App\Controllers\SearchController->prodFilter()
 5 SYSTEMPATH\CodeIgniter.php(502): CodeIgniter\CodeIgniter->runController(Object(App\Controllers\SearchController))
 6 SYSTEMPATH\CodeIgniter.php(361): CodeIgniter\CodeIgniter->handleRequest(null, Object(Config\Cache), false)
 7 FCPATH\index.php(79): CodeIgniter\CodeIgniter->run()
CRITICAL - 2024-11-22 12:13:09 --> [Caused by] mysqli_sql_exception: You have an error in your SQL syntax; check the manual that corresponds to your MariaDB server version for the right syntax to use near '' at line 1
in SYSTEMPATH\Database\MySQLi\Connection.php on line 306.
 1 SYSTEMPATH\Database\MySQLi\Connection.php(306): mysqli->query('SELECT * FROM tbl_accessories_list WHERE `flag` = 1 AND sub_access_id = ', 0)
 2 SYSTEMPATH\Database\BaseConnection.php(693): CodeIgniter\Database\MySQLi\Connection->execute('SELECT * FROM tbl_accessories_list WHERE `flag` = 1 AND sub_access_id = ')
 3 SYSTEMPATH\Database\BaseConnection.php(607): CodeIgniter\Database\BaseConnection->simpleQuery('SELECT * FROM tbl_accessories_list WHERE `flag` = 1 AND sub_access_id = ')
 4 APPPATH\Controllers\SearchController.php(311): CodeIgniter\Database\BaseConnection->query('SELECT * FROM tbl_accessories_list WHERE `flag` = 1 AND sub_access_id = ')
 5 SYSTEMPATH\CodeIgniter.php(941): App\Controllers\SearchController->prodFilter()
 6 SYSTEMPATH\CodeIgniter.php(502): CodeIgniter\CodeIgniter->runController(Object(App\Controllers\SearchController))
 7 SYSTEMPATH\CodeIgniter.php(361): CodeIgniter\CodeIgniter->handleRequest(null, Object(Config\Cache), false)
 8 FCPATH\index.php(79): CodeIgniter\CodeIgniter->run()
ERROR - 2024-11-22 12:13:10 --> mysqli_sql_exception: You have an error in your SQL syntax; check the manual that corresponds to your MariaDB server version for the right syntax to use near '' at line 1 in C:\xampp\htdocs\ci4projects\adventure_final\vendor\codeigniter4\framework\system\Database\MySQLi\Connection.php:306
Stack trace:
#0 C:\xampp\htdocs\ci4projects\adventure_final\vendor\codeigniter4\framework\system\Database\MySQLi\Connection.php(306): mysqli->query('SELECT * FROM t...', 0)
#1 C:\xampp\htdocs\ci4projects\adventure_final\vendor\codeigniter4\framework\system\Database\BaseConnection.php(693): CodeIgniter\Database\MySQLi\Connection->execute('SELECT * FROM t...')
#2 C:\xampp\htdocs\ci4projects\adventure_final\vendor\codeigniter4\framework\system\Database\BaseConnection.php(607): CodeIgniter\Database\BaseConnection->simpleQuery('SELECT * FROM t...')
#3 C:\xampp\htdocs\ci4projects\adventure_final\app\Controllers\SearchController.php(311): CodeIgniter\Database\BaseConnection->query('SELECT * FROM t...')
#4 C:\xampp\htdocs\ci4projects\adventure_final\vendor\codeigniter4\framework\system\CodeIgniter.php(941): App\Controllers\SearchController->prodFilter()
#5 C:\xampp\htdocs\ci4projects\adventure_final\vendor\codeigniter4\framework\system\CodeIgniter.php(502): CodeIgniter\CodeIgniter->runController(Object(App\Controllers\SearchController))
#6 C:\xampp\htdocs\ci4projects\adventure_final\vendor\codeigniter4\framework\system\CodeIgniter.php(361): CodeIgniter\CodeIgniter->handleRequest(NULL, Object(Config\Cache), false)
#7 C:\xampp\htdocs\ci4projects\adventure_final\index.php(79): CodeIgniter\CodeIgniter->run()
#8 {main}
CRITICAL - 2024-11-22 12:13:10 --> CodeIgniter\Database\Exceptions\DatabaseException: You have an error in your SQL syntax; check the manual that corresponds to your MariaDB server version for the right syntax to use near '' at line 1
in SYSTEMPATH\Database\BaseConnection.php on line 647.
 1 APPPATH\Controllers\SearchController.php(311): CodeIgniter\Database\BaseConnection->query('SELECT * FROM tbl_accessories_list WHERE `flag` = 1 AND sub_access_id = ')
 2 SYSTEMPATH\CodeIgniter.php(941): App\Controllers\SearchController->prodFilter()
 3 SYSTEMPATH\CodeIgniter.php(502): CodeIgniter\CodeIgniter->runController(Object(App\Controllers\SearchController))
 4 SYSTEMPATH\CodeIgniter.php(361): CodeIgniter\CodeIgniter->handleRequest(null, Object(Config\Cache), false)
 5 FCPATH\index.php(79): CodeIgniter\CodeIgniter->run()
CRITICAL - 2024-11-22 12:13:10 --> [Caused by] CodeIgniter\Database\Exceptions\DatabaseException: You have an error in your SQL syntax; check the manual that corresponds to your MariaDB server version for the right syntax to use near '' at line 1
in SYSTEMPATH\Database\MySQLi\Connection.php on line 311.
 1 SYSTEMPATH\Database\BaseConnection.php(693): CodeIgniter\Database\MySQLi\Connection->execute('SELECT * FROM tbl_accessories_list WHERE `flag` = 1 AND sub_access_id = ')
 2 SYSTEMPATH\Database\BaseConnection.php(607): CodeIgniter\Database\BaseConnection->simpleQuery('SELECT * FROM tbl_accessories_list WHERE `flag` = 1 AND sub_access_id = ')
 3 APPPATH\Controllers\SearchController.php(311): CodeIgniter\Database\BaseConnection->query('SELECT * FROM tbl_accessories_list WHERE `flag` = 1 AND sub_access_id = ')
 4 SYSTEMPATH\CodeIgniter.php(941): App\Controllers\SearchController->prodFilter()
 5 SYSTEMPATH\CodeIgniter.php(502): CodeIgniter\CodeIgniter->runController(Object(App\Controllers\SearchController))
 6 SYSTEMPATH\CodeIgniter.php(361): CodeIgniter\CodeIgniter->handleRequest(null, Object(Config\Cache), false)
 7 FCPATH\index.php(79): CodeIgniter\CodeIgniter->run()
CRITICAL - 2024-11-22 12:13:10 --> [Caused by] mysqli_sql_exception: You have an error in your SQL syntax; check the manual that corresponds to your MariaDB server version for the right syntax to use near '' at line 1
in SYSTEMPATH\Database\MySQLi\Connection.php on line 306.
 1 SYSTEMPATH\Database\MySQLi\Connection.php(306): mysqli->query('SELECT * FROM tbl_accessories_list WHERE `flag` = 1 AND sub_access_id = ', 0)
 2 SYSTEMPATH\Database\BaseConnection.php(693): CodeIgniter\Database\MySQLi\Connection->execute('SELECT * FROM tbl_accessories_list WHERE `flag` = 1 AND sub_access_id = ')
 3 SYSTEMPATH\Database\BaseConnection.php(607): CodeIgniter\Database\BaseConnection->simpleQuery('SELECT * FROM tbl_accessories_list WHERE `flag` = 1 AND sub_access_id = ')
 4 APPPATH\Controllers\SearchController.php(311): CodeIgniter\Database\BaseConnection->query('SELECT * FROM tbl_accessories_list WHERE `flag` = 1 AND sub_access_id = ')
 5 SYSTEMPATH\CodeIgniter.php(941): App\Controllers\SearchController->prodFilter()
 6 SYSTEMPATH\CodeIgniter.php(502): CodeIgniter\CodeIgniter->runController(Object(App\Controllers\SearchController))
 7 SYSTEMPATH\CodeIgniter.php(361): CodeIgniter\CodeIgniter->handleRequest(null, Object(Config\Cache), false)
 8 FCPATH\index.php(79): CodeIgniter\CodeIgniter->run()
ERROR - 2024-11-22 12:13:10 --> mysqli_sql_exception: You have an error in your SQL syntax; check the manual that corresponds to your MariaDB server version for the right syntax to use near '' at line 1 in C:\xampp\htdocs\ci4projects\adventure_final\vendor\codeigniter4\framework\system\Database\MySQLi\Connection.php:306
Stack trace:
#0 C:\xampp\htdocs\ci4projects\adventure_final\vendor\codeigniter4\framework\system\Database\MySQLi\Connection.php(306): mysqli->query('SELECT * FROM t...', 0)
#1 C:\xampp\htdocs\ci4projects\adventure_final\vendor\codeigniter4\framework\system\Database\BaseConnection.php(693): CodeIgniter\Database\MySQLi\Connection->execute('SELECT * FROM t...')
#2 C:\xampp\htdocs\ci4projects\adventure_final\vendor\codeigniter4\framework\system\Database\BaseConnection.php(607): CodeIgniter\Database\BaseConnection->simpleQuery('SELECT * FROM t...')
#3 C:\xampp\htdocs\ci4projects\adventure_final\app\Controllers\SearchController.php(311): CodeIgniter\Database\BaseConnection->query('SELECT * FROM t...')
#4 C:\xampp\htdocs\ci4projects\adventure_final\vendor\codeigniter4\framework\system\CodeIgniter.php(941): App\Controllers\SearchController->prodFilter()
#5 C:\xampp\htdocs\ci4projects\adventure_final\vendor\codeigniter4\framework\system\CodeIgniter.php(502): CodeIgniter\CodeIgniter->runController(Object(App\Controllers\SearchController))
#6 C:\xampp\htdocs\ci4projects\adventure_final\vendor\codeigniter4\framework\system\CodeIgniter.php(361): CodeIgniter\CodeIgniter->handleRequest(NULL, Object(Config\Cache), false)
#7 C:\xampp\htdocs\ci4projects\adventure_final\index.php(79): CodeIgniter\CodeIgniter->run()
#8 {main}
CRITICAL - 2024-11-22 12:13:10 --> CodeIgniter\Database\Exceptions\DatabaseException: You have an error in your SQL syntax; check the manual that corresponds to your MariaDB server version for the right syntax to use near '' at line 1
in SYSTEMPATH\Database\BaseConnection.php on line 647.
 1 APPPATH\Controllers\SearchController.php(311): CodeIgniter\Database\BaseConnection->query('SELECT * FROM tbl_accessories_list WHERE `flag` = 1 AND sub_access_id = ')
 2 SYSTEMPATH\CodeIgniter.php(941): App\Controllers\SearchController->prodFilter()
 3 SYSTEMPATH\CodeIgniter.php(502): CodeIgniter\CodeIgniter->runController(Object(App\Controllers\SearchController))
 4 SYSTEMPATH\CodeIgniter.php(361): CodeIgniter\CodeIgniter->handleRequest(null, Object(Config\Cache), false)
 5 FCPATH\index.php(79): CodeIgniter\CodeIgniter->run()
CRITICAL - 2024-11-22 12:13:10 --> [Caused by] CodeIgniter\Database\Exceptions\DatabaseException: You have an error in your SQL syntax; check the manual that corresponds to your MariaDB server version for the right syntax to use near '' at line 1
in SYSTEMPATH\Database\MySQLi\Connection.php on line 311.
 1 SYSTEMPATH\Database\BaseConnection.php(693): CodeIgniter\Database\MySQLi\Connection->execute('SELECT * FROM tbl_accessories_list WHERE `flag` = 1 AND sub_access_id = ')
 2 SYSTEMPATH\Database\BaseConnection.php(607): CodeIgniter\Database\BaseConnection->simpleQuery('SELECT * FROM tbl_accessories_list WHERE `flag` = 1 AND sub_access_id = ')
 3 APPPATH\Controllers\SearchController.php(311): CodeIgniter\Database\BaseConnection->query('SELECT * FROM tbl_accessories_list WHERE `flag` = 1 AND sub_access_id = ')
 4 SYSTEMPATH\CodeIgniter.php(941): App\Controllers\SearchController->prodFilter()
 5 SYSTEMPATH\CodeIgniter.php(502): CodeIgniter\CodeIgniter->runController(Object(App\Controllers\SearchController))
 6 SYSTEMPATH\CodeIgniter.php(361): CodeIgniter\CodeIgniter->handleRequest(null, Object(Config\Cache), false)
 7 FCPATH\index.php(79): CodeIgniter\CodeIgniter->run()
CRITICAL - 2024-11-22 12:13:10 --> [Caused by] mysqli_sql_exception: You have an error in your SQL syntax; check the manual that corresponds to your MariaDB server version for the right syntax to use near '' at line 1
in SYSTEMPATH\Database\MySQLi\Connection.php on line 306.
 1 SYSTEMPATH\Database\MySQLi\Connection.php(306): mysqli->query('SELECT * FROM tbl_accessories_list WHERE `flag` = 1 AND sub_access_id = ', 0)
 2 SYSTEMPATH\Database\BaseConnection.php(693): CodeIgniter\Database\MySQLi\Connection->execute('SELECT * FROM tbl_accessories_list WHERE `flag` = 1 AND sub_access_id = ')
 3 SYSTEMPATH\Database\BaseConnection.php(607): CodeIgniter\Database\BaseConnection->simpleQuery('SELECT * FROM tbl_accessories_list WHERE `flag` = 1 AND sub_access_id = ')
 4 APPPATH\Controllers\SearchController.php(311): CodeIgniter\Database\BaseConnection->query('SELECT * FROM tbl_accessories_list WHERE `flag` = 1 AND sub_access_id = ')
 5 SYSTEMPATH\CodeIgniter.php(941): App\Controllers\SearchController->prodFilter()
 6 SYSTEMPATH\CodeIgniter.php(502): CodeIgniter\CodeIgniter->runController(Object(App\Controllers\SearchController))
 7 SYSTEMPATH\CodeIgniter.php(361): CodeIgniter\CodeIgniter->handleRequest(null, Object(Config\Cache), false)
 8 FCPATH\index.php(79): CodeIgniter\CodeIgniter->run()
ERROR - 2024-11-22 12:38:30 --> mysqli_sql_exception: Unknown column 'b.r_sub_id' in 'where clause' in C:\xampp\htdocs\ci4projects\adventure_final\vendor\codeigniter4\framework\system\Database\MySQLi\Connection.php:306
Stack trace:
#0 C:\xampp\htdocs\ci4projects\adventure_final\vendor\codeigniter4\framework\system\Database\MySQLi\Connection.php(306): mysqli->query('SELECT DISTINCT...', 0)
#1 C:\xampp\htdocs\ci4projects\adventure_final\vendor\codeigniter4\framework\system\Database\BaseConnection.php(693): CodeIgniter\Database\MySQLi\Connection->execute('SELECT DISTINCT...')
#2 C:\xampp\htdocs\ci4projects\adventure_final\vendor\codeigniter4\framework\system\Database\BaseConnection.php(607): CodeIgniter\Database\BaseConnection->simpleQuery('SELECT DISTINCT...')
#3 C:\xampp\htdocs\ci4projects\adventure_final\app\Controllers\Home.php(783): CodeIgniter\Database\BaseConnection->query('SELECT DISTINCT...', Array)
#4 C:\xampp\htdocs\ci4projects\adventure_final\vendor\codeigniter4\framework\system\CodeIgniter.php(941): App\Controllers\Home->ridingAccessories('base-layers', 'MTY=', 'base-layers', 'MTY=')
#5 C:\xampp\htdocs\ci4projects\adventure_final\vendor\codeigniter4\framework\system\CodeIgniter.php(502): CodeIgniter\CodeIgniter->runController(Object(App\Controllers\Home))
#6 C:\xampp\htdocs\ci4projects\adventure_final\vendor\codeigniter4\framework\system\CodeIgniter.php(361): CodeIgniter\CodeIgniter->handleRequest(NULL, Object(Config\Cache), false)
#7 C:\xampp\htdocs\ci4projects\adventure_final\index.php(79): CodeIgniter\CodeIgniter->run()
#8 {main}
CRITICAL - 2024-11-22 12:38:30 --> CodeIgniter\Database\Exceptions\DatabaseException: Unknown column 'b.r_sub_id' in 'where clause'
in SYSTEMPATH\Database\BaseConnection.php on line 647.
 1 APPPATH\Controllers\Home.php(783): CodeIgniter\Database\BaseConnection->query('SELECT DISTINCT a.search_brand , b.`brand_name`
          FROM tbl_rproduct_list AS a INNER JOIN brand_master AS b 
          ON a.search_brand = b.brand_master_id
          WHERE a.flag= 1 AND b.flag = 1 AND b.r_sub_id = ?', [...])
 2 SYSTEMPATH\CodeIgniter.php(941): App\Controllers\Home->ridingAccessories('base-layers', 'MTY=', 'base-layers', 'MTY=')
 3 SYSTEMPATH\CodeIgniter.php(502): CodeIgniter\CodeIgniter->runController(Object(App\Controllers\Home))
 4 SYSTEMPATH\CodeIgniter.php(361): CodeIgniter\CodeIgniter->handleRequest(null, Object(Config\Cache), false)
 5 FCPATH\index.php(79): CodeIgniter\CodeIgniter->run()
CRITICAL - 2024-11-22 12:38:30 --> [Caused by] CodeIgniter\Database\Exceptions\DatabaseException: Unknown column 'b.r_sub_id' in 'where clause'
in SYSTEMPATH\Database\MySQLi\Connection.php on line 311.
 1 SYSTEMPATH\Database\BaseConnection.php(693): CodeIgniter\Database\MySQLi\Connection->execute('SELECT DISTINCT a.search_brand , b.`brand_name`
          FROM tbl_rproduct_list AS a INNER JOIN brand_master AS b 
          ON a.search_brand = b.brand_master_id
          WHERE a.flag= 1 AND b.flag = 1 AND b.r_sub_id = \'16\'')
 2 SYSTEMPATH\Database\BaseConnection.php(607): CodeIgniter\Database\BaseConnection->simpleQuery('SELECT DISTINCT a.search_brand , b.`brand_name`
          FROM tbl_rproduct_list AS a INNER JOIN brand_master AS b 
          ON a.search_brand = b.brand_master_id
          WHERE a.flag= 1 AND b.flag = 1 AND b.r_sub_id = \'16\'')
 3 APPPATH\Controllers\Home.php(783): CodeIgniter\Database\BaseConnection->query('SELECT DISTINCT a.search_brand , b.`brand_name`
          FROM tbl_rproduct_list AS a INNER JOIN brand_master AS b 
          ON a.search_brand = b.brand_master_id
          WHERE a.flag= 1 AND b.flag = 1 AND b.r_sub_id = ?', [...])
 4 SYSTEMPATH\CodeIgniter.php(941): App\Controllers\Home->ridingAccessories('base-layers', 'MTY=', 'base-layers', 'MTY=')
 5 SYSTEMPATH\CodeIgniter.php(502): CodeIgniter\CodeIgniter->runController(Object(App\Controllers\Home))
 6 SYSTEMPATH\CodeIgniter.php(361): CodeIgniter\CodeIgniter->handleRequest(null, Object(Config\Cache), false)
 7 FCPATH\index.php(79): CodeIgniter\CodeIgniter->run()
CRITICAL - 2024-11-22 12:38:30 --> [Caused by] mysqli_sql_exception: Unknown column 'b.r_sub_id' in 'where clause'
in SYSTEMPATH\Database\MySQLi\Connection.php on line 306.
 1 SYSTEMPATH\Database\MySQLi\Connection.php(306): mysqli->query('SELECT DISTINCT a.search_brand , b.`brand_name`
          FROM tbl_rproduct_list AS a INNER JOIN brand_master AS b 
          ON a.search_brand = b.brand_master_id
          WHERE a.flag= 1 AND b.flag = 1 AND b.r_sub_id = \'16\'', 0)
 2 SYSTEMPATH\Database\BaseConnection.php(693): CodeIgniter\Database\MySQLi\Connection->execute('SELECT DISTINCT a.search_brand , b.`brand_name`
          FROM tbl_rproduct_list AS a INNER JOIN brand_master AS b 
          ON a.search_brand = b.brand_master_id
          WHERE a.flag= 1 AND b.flag = 1 AND b.r_sub_id = \'16\'')
 3 SYSTEMPATH\Database\BaseConnection.php(607): CodeIgniter\Database\BaseConnection->simpleQuery('SELECT DISTINCT a.search_brand , b.`brand_name`
          FROM tbl_rproduct_list AS a INNER JOIN brand_master AS b 
          ON a.search_brand = b.brand_master_id
          WHERE a.flag= 1 AND b.flag = 1 AND b.r_sub_id = \'16\'')
 4 APPPATH\Controllers\Home.php(783): CodeIgniter\Database\BaseConnection->query('SELECT DISTINCT a.search_brand , b.`brand_name`
          FROM tbl_rproduct_list AS a INNER JOIN brand_master AS b 
          ON a.search_brand = b.brand_master_id
          WHERE a.flag= 1 AND b.flag = 1 AND b.r_sub_id = ?', [...])
 5 SYSTEMPATH\CodeIgniter.php(941): App\Controllers\Home->ridingAccessories('base-layers', 'MTY=', 'base-layers', 'MTY=')
 6 SYSTEMPATH\CodeIgniter.php(502): CodeIgniter\CodeIgniter->runController(Object(App\Controllers\Home))
 7 SYSTEMPATH\CodeIgniter.php(361): CodeIgniter\CodeIgniter->handleRequest(null, Object(Config\Cache), false)
 8 FCPATH\index.php(79): CodeIgniter\CodeIgniter->run()
