CRITICAL - 2024-12-02 07:34:40 --> ErrorException: array_merge(): Expected parameter 1 to be an array, null given
in APPPATH\Controllers\Home.php on line 935.
 1 [internal function]: CodeIgniter\Debug\Exceptions->errorHandler(2, 'array_merge(): Expected parameter 1 to be an array, null given', 'C:\\xampp\\htdocs\\ci4projects\\adventure_final\\app\\Controllers\\Home.php', 935, [...])
 2 APPPATH\Controllers\Home.php(935): array_merge(null, [...])
 3 SYSTEMPATH\CodeIgniter.php(941): App\Controllers\Home->ridingDetails('galfer-fd-103-g1371-ceramic-brake-pad', '883', 'galfer-fd-103-g1371-ceramic-brake-pad', 'ODgz')
 4 SYSTEMPATH\CodeIgniter.php(502): CodeIgniter\CodeIgniter->runController(Object(App\Controllers\Home))
 5 SYSTEMPATH\CodeIgniter.php(361): CodeIgniter\CodeIgniter->handleRequest(null, Object(Config\Cache), false)
 6 FCPATH\index.php(79): CodeIgniter\CodeIgniter->run()
CRITICAL - 2024-12-02 07:34:45 --> ErrorException: array_merge(): Expected parameter 1 to be an array, null given
in APPPATH\Controllers\Home.php on line 935.
 1 [internal function]: CodeIgniter\Debug\Exceptions->errorHandler(2, 'array_merge(): Expected parameter 1 to be an array, null given', 'C:\\xampp\\htdocs\\ci4projects\\adventure_final\\app\\Controllers\\Home.php', 935, [...])
 2 APPPATH\Controllers\Home.php(935): array_merge(null, [...])
 3 SYSTEMPATH\CodeIgniter.php(941): App\Controllers\Home->ridingDetails('ngage-re-him450-sherpa-air-filter', '36', 'ngage-re-him450-sherpa-air-filter', 'MzY=')
 4 SYSTEMPATH\CodeIgniter.php(502): CodeIgniter\CodeIgniter->runController(Object(App\Controllers\Home))
 5 SYSTEMPATH\CodeIgniter.php(361): CodeIgniter\CodeIgniter->handleRequest(null, Object(Config\Cache), false)
 6 FCPATH\index.php(79): CodeIgniter\CodeIgniter->run()
CRITICAL - 2024-12-02 07:34:59 --> ErrorException: array_merge(): Expected parameter 1 to be an array, null given
in APPPATH\Controllers\Home.php on line 935.
 1 [internal function]: CodeIgniter\Debug\Exceptions->errorHandler(2, 'array_merge(): Expected parameter 1 to be an array, null given', 'C:\\xampp\\htdocs\\ci4projects\\adventure_final\\app\\Controllers\\Home.php', 935, [...])
 2 APPPATH\Controllers\Home.php(935): array_merge(null, [...])
 3 SYSTEMPATH\CodeIgniter.php(941): App\Controllers\Home->ridingDetails('ngage-universal-150-400cc-r49-air-filter', '928', 'ngage-universal-150-400cc-r49-air-filter', 'OTI4')
 4 SYSTEMPATH\CodeIgniter.php(502): CodeIgniter\CodeIgniter->runController(Object(App\Controllers\Home))
 5 SYSTEMPATH\CodeIgniter.php(361): CodeIgniter\CodeIgniter->handleRequest(null, Object(Config\Cache), false)
 6 FCPATH\index.php(79): CodeIgniter\CodeIgniter->run()
CRITICAL - 2024-12-02 07:35:03 --> ErrorException: array_merge(): Expected parameter 1 to be an array, null given
in APPPATH\Controllers\Home.php on line 935.
 1 [internal function]: CodeIgniter\Debug\Exceptions->errorHandler(2, 'array_merge(): Expected parameter 1 to be an array, null given', 'C:\\xampp\\htdocs\\ci4projects\\adventure_final\\app\\Controllers\\Home.php', 935, [...])
 2 APPPATH\Controllers\Home.php(935): array_merge(null, [...])
 3 SYSTEMPATH\CodeIgniter.php(941): App\Controllers\Home->ridingDetails('ngage-bajaj-dominor-250-400-air-filter', '24', 'ngage-bajaj-dominor-250-400-air-filter', 'MjQ=')
 4 SYSTEMPATH\CodeIgniter.php(502): CodeIgniter\CodeIgniter->runController(Object(App\Controllers\Home))
 5 SYSTEMPATH\CodeIgniter.php(361): CodeIgniter\CodeIgniter->handleRequest(null, Object(Config\Cache), false)
 6 FCPATH\index.php(79): CodeIgniter\CodeIgniter->run()
CRITICAL - 2024-12-02 07:37:25 --> ErrorException: array_merge(): Expected parameter 1 to be an array, null given
in APPPATH\Controllers\Home.php on line 935.
 1 [internal function]: CodeIgniter\Debug\Exceptions->errorHandler(2, 'array_merge(): Expected parameter 1 to be an array, null given', 'C:\\xampp\\htdocs\\ci4projects\\adventure_final\\app\\Controllers\\Home.php', 935, [...])
 2 APPPATH\Controllers\Home.php(935): array_merge(null, [...])
 3 SYSTEMPATH\CodeIgniter.php(941): App\Controllers\Home->ridingDetails('vesrah-sd-9068-ceramic-brake-pads', '887', 'vesrah-sd-9068-ceramic-brake-pads', 'ODg3')
 4 SYSTEMPATH\CodeIgniter.php(502): CodeIgniter\CodeIgniter->runController(Object(App\Controllers\Home))
 5 SYSTEMPATH\CodeIgniter.php(361): CodeIgniter\CodeIgniter->handleRequest(null, Object(Config\Cache), false)
 6 FCPATH\index.php(79): CodeIgniter\CodeIgniter->run()
