CRITICAL - 2024-12-22 11:32:42 --> ErrorException: finfo_file(C:\xampp\tmp\php7A8F.tmp): failed to open stream: No such file or directory
in SYSTEMPATH\Files\File.php on line 117.
 1 [internal function]: CodeIgniter\Debug\Exceptions->errorHandler(2, 'finfo_file(C:\\xampp\\tmp\\php7A8F.tmp): failed to open stream: No such file or directory', 'C:\\xampp\\htdocs\\ci4projects\\adventure_final\\vendor\\codeigniter4\\framework\\system\\Files\\File.php', 117, [...])
 2 SYSTEMPATH\Files\File.php(117): finfo_file(resource (file_info), 'C:\\xampp\\tmp\\php7A8F.tmp')
 3 SYSTEMPATH\HTTP\Files\UploadedFile.php(320): CodeIgniter\Files\File->getMimeType()
 4 SYSTEMPATH\HTTP\Files\UploadedFile.php(309): CodeIgniter\HTTP\Files\UploadedFile->guessExtension()
 5 SYSTEMPATH\Files\File.php(129): CodeIgniter\HTTP\Files\UploadedFile->getExtension()
 6 APPPATH\Controllers\admin\AccessListController.php(117): CodeIgniter\Files\File->getRandomName()
 7 SYSTEMPATH\CodeIgniter.php(941): App\Controllers\admin\AccessListController->insertProducts()
 8 SYSTEMPATH\CodeIgniter.php(502): CodeIgniter\CodeIgniter->runController(Object(App\Controllers\admin\AccessListController))
 9 SYSTEMPATH\CodeIgniter.php(361): CodeIgniter\CodeIgniter->handleRequest(null, Object(Config\Cache), false)
10 FCPATH\index.php(79): CodeIgniter\CodeIgniter->run()
ERROR - 2024-12-22 11:38:31 --> img_3 is not valid. Error: No file was uploaded.
ERROR - 2024-12-22 11:38:31 --> img_4 is not valid. Error: No file was uploaded.
ERROR - 2024-12-22 11:38:31 --> img_5 is not valid. Error: No file was uploaded.
ERROR - 2024-12-22 11:38:31 --> img_6 is not valid. Error: No file was uploaded.
ERROR - 2024-12-22 11:38:31 --> img_7 is not valid. Error: No file was uploaded.
ERROR - 2024-12-22 11:38:31 --> img_8 is not valid. Error: No file was uploaded.
ERROR - 2024-12-22 11:38:31 --> img_9 is not valid. Error: No file was uploaded.
ERROR - 2024-12-22 11:38:31 --> img_10 is not valid. Error: No file was uploaded.
ERROR - 2024-12-22 11:40:51 --> img_3 is not valid. Error: No file was uploaded.
ERROR - 2024-12-22 11:40:51 --> img_4 is not valid. Error: No file was uploaded.
ERROR - 2024-12-22 11:40:51 --> img_5 is not valid. Error: No file was uploaded.
ERROR - 2024-12-22 11:40:51 --> img_6 is not valid. Error: No file was uploaded.
ERROR - 2024-12-22 11:40:51 --> img_7 is not valid. Error: No file was uploaded.
ERROR - 2024-12-22 11:40:51 --> img_8 is not valid. Error: No file was uploaded.
ERROR - 2024-12-22 11:40:51 --> img_9 is not valid. Error: No file was uploaded.
ERROR - 2024-12-22 11:40:51 --> img_10 is not valid. Error: No file was uploaded.
CRITICAL - 2024-12-22 12:11:55 --> CodeIgniter\Filters\Exceptions\FilterException: "session" filter must have a matching alias defined.
in SYSTEMPATH\Filters\Filters.php on line 577.
 1 SYSTEMPATH\Filters\Filters.php(577): CodeIgniter\Filters\Exceptions\FilterException::forNoAlias('session')
 2 SYSTEMPATH\Filters\Filters.php(261): CodeIgniter\Filters\Filters->processAliasesToClass('before')
 3 SYSTEMPATH\Filters\Filters.php(172): CodeIgniter\Filters\Filters->initialize('helmet-details/gub-rally-pro-goggles/mje5')
 4 SYSTEMPATH\CodeIgniter.php(474): CodeIgniter\Filters\Filters->run('helmet-details/gub-rally-pro-goggles/MjE5', 'before')
 5 SYSTEMPATH\CodeIgniter.php(361): CodeIgniter\CodeIgniter->handleRequest(null, Object(Config\Cache), false)
 6 FCPATH\index.php(79): CodeIgniter\CodeIgniter->run()
CRITICAL - 2024-12-22 12:11:56 --> CodeIgniter\Filters\Exceptions\FilterException: "session" filter must have a matching alias defined.
in SYSTEMPATH\Filters\Filters.php on line 577.
 1 SYSTEMPATH\Filters\Filters.php(577): CodeIgniter\Filters\Exceptions\FilterException::forNoAlias('session')
 2 SYSTEMPATH\Filters\Filters.php(261): CodeIgniter\Filters\Filters->processAliasesToClass('before')
 3 SYSTEMPATH\Filters\Filters.php(172): CodeIgniter\Filters\Filters->initialize('helmet-details/gub-rally-pro-goggles/mje5')
 4 SYSTEMPATH\CodeIgniter.php(474): CodeIgniter\Filters\Filters->run('helmet-details/gub-rally-pro-goggles/MjE5', 'before')
 5 SYSTEMPATH\CodeIgniter.php(361): CodeIgniter\CodeIgniter->handleRequest(null, Object(Config\Cache), false)
 6 FCPATH\index.php(79): CodeIgniter\CodeIgniter->run()
CRITICAL - 2024-12-22 12:11:56 --> CodeIgniter\Filters\Exceptions\FilterException: "session" filter must have a matching alias defined.
in SYSTEMPATH\Filters\Filters.php on line 577.
 1 SYSTEMPATH\Filters\Filters.php(577): CodeIgniter\Filters\Exceptions\FilterException::forNoAlias('session')
 2 SYSTEMPATH\Filters\Filters.php(261): CodeIgniter\Filters\Filters->processAliasesToClass('before')
 3 SYSTEMPATH\Filters\Filters.php(172): CodeIgniter\Filters\Filters->initialize('helmet-details/gub-rally-pro-goggles/mje5')
 4 SYSTEMPATH\CodeIgniter.php(474): CodeIgniter\Filters\Filters->run('helmet-details/gub-rally-pro-goggles/MjE5', 'before')
 5 SYSTEMPATH\CodeIgniter.php(361): CodeIgniter\CodeIgniter->handleRequest(null, Object(Config\Cache), false)
 6 FCPATH\index.php(79): CodeIgniter\CodeIgniter->run()
CRITICAL - 2024-12-22 12:12:01 --> CodeIgniter\Filters\Exceptions\FilterException: "session" filter must have a matching alias defined.
in SYSTEMPATH\Filters\Filters.php on line 577.
 1 SYSTEMPATH\Filters\Filters.php(577): CodeIgniter\Filters\Exceptions\FilterException::forNoAlias('session')
 2 SYSTEMPATH\Filters\Filters.php(261): CodeIgniter\Filters\Filters->processAliasesToClass('before')
 3 SYSTEMPATH\Filters\Filters.php(172): CodeIgniter\Filters\Filters->initialize('helmet-accessories/goggles/nq==')
 4 SYSTEMPATH\CodeIgniter.php(474): CodeIgniter\Filters\Filters->run('helmet-accessories/goggles/NQ==', 'before')
 5 SYSTEMPATH\CodeIgniter.php(361): CodeIgniter\CodeIgniter->handleRequest(null, Object(Config\Cache), false)
 6 FCPATH\index.php(79): CodeIgniter\CodeIgniter->run()
CRITICAL - 2024-12-22 12:12:04 --> CodeIgniter\Filters\Exceptions\FilterException: "session" filter must have a matching alias defined.
in SYSTEMPATH\Filters\Filters.php on line 577.
 1 SYSTEMPATH\Filters\Filters.php(577): CodeIgniter\Filters\Exceptions\FilterException::forNoAlias('session')
 2 SYSTEMPATH\Filters\Filters.php(261): CodeIgniter\Filters\Filters->processAliasesToClass('before')
 3 SYSTEMPATH\Filters\Filters.php(172): CodeIgniter\Filters\Filters->initialize('login')
 4 SYSTEMPATH\CodeIgniter.php(474): CodeIgniter\Filters\Filters->run('login', 'before')
 5 SYSTEMPATH\CodeIgniter.php(361): CodeIgniter\CodeIgniter->handleRequest(null, Object(Config\Cache), false)
 6 FCPATH\index.php(79): CodeIgniter\CodeIgniter->run()
CRITICAL - 2024-12-22 12:12:29 --> CodeIgniter\Security\Exceptions\SecurityException: The action you requested is not allowed.
in SYSTEMPATH\Security\Security.php on line 300.
 1 SYSTEMPATH\Security\Security.php(300): CodeIgniter\Security\Exceptions\SecurityException::forDisallowedAction()
 2 SYSTEMPATH\Filters\CSRF.php(56): CodeIgniter\Security\Security->verify(Object(CodeIgniter\HTTP\IncomingRequest))
 3 SYSTEMPATH\Filters\Filters.php(184): CodeIgniter\Filters\CSRF->before(Object(CodeIgniter\HTTP\IncomingRequest), null)
 4 SYSTEMPATH\CodeIgniter.php(474): CodeIgniter\Filters\Filters->run('insert-frequent-details', 'before')
 5 SYSTEMPATH\CodeIgniter.php(361): CodeIgniter\CodeIgniter->handleRequest(null, Object(Config\Cache), false)
 6 FCPATH\index.php(79): CodeIgniter\CodeIgniter->run()
CRITICAL - 2024-12-22 12:13:24 --> CodeIgniter\Security\Exceptions\SecurityException: The action you requested is not allowed.
in SYSTEMPATH\Security\Security.php on line 300.
 1 SYSTEMPATH\Security\Security.php(300): CodeIgniter\Security\Exceptions\SecurityException::forDisallowedAction()
 2 SYSTEMPATH\Filters\CSRF.php(56): CodeIgniter\Security\Security->verify(Object(CodeIgniter\HTTP\IncomingRequest))
 3 SYSTEMPATH\Filters\Filters.php(184): CodeIgniter\Filters\CSRF->before(Object(CodeIgniter\HTTP\IncomingRequest), null)
 4 SYSTEMPATH\CodeIgniter.php(474): CodeIgniter\Filters\Filters->run('insert-frequent-details', 'before')
 5 SYSTEMPATH\CodeIgniter.php(361): CodeIgniter\CodeIgniter->handleRequest(null, Object(Config\Cache), false)
 6 FCPATH\index.php(79): CodeIgniter\CodeIgniter->run()
CRITICAL - 2024-12-22 12:13:54 --> CodeIgniter\Security\Exceptions\SecurityException: The action you requested is not allowed.
in SYSTEMPATH\Security\Security.php on line 300.
 1 SYSTEMPATH\Security\Security.php(300): CodeIgniter\Security\Exceptions\SecurityException::forDisallowedAction()
 2 SYSTEMPATH\Filters\CSRF.php(56): CodeIgniter\Security\Security->verify(Object(CodeIgniter\HTTP\IncomingRequest))
 3 SYSTEMPATH\Filters\Filters.php(184): CodeIgniter\Filters\CSRF->before(Object(CodeIgniter\HTTP\IncomingRequest), null)
 4 SYSTEMPATH\CodeIgniter.php(474): CodeIgniter\Filters\Filters->run('login-otp', 'before')
 5 SYSTEMPATH\CodeIgniter.php(361): CodeIgniter\CodeIgniter->handleRequest(null, Object(Config\Cache), false)
 6 FCPATH\index.php(79): CodeIgniter\CodeIgniter->run()
CRITICAL - 2024-12-22 12:28:24 --> ErrorException: array_merge(): Expected parameter 2 to be an array, null given
in APPPATH\Controllers\admin\WishlistController.php on line 70.
 1 [internal function]: CodeIgniter\Debug\Exceptions->errorHandler(2, 'array_merge(): Expected parameter 2 to be an array, null given', 'C:\\xampp\\htdocs\\ci4projects\\adventure_final\\app\\Controllers\\admin\\WishlistController.php', 70, [...])
 2 APPPATH\Controllers\admin\WishlistController.php(70): array_merge([...], null)
 3 SYSTEMPATH\CodeIgniter.php(941): App\Controllers\admin\WishlistController->getWishlistData()
 4 SYSTEMPATH\CodeIgniter.php(502): CodeIgniter\CodeIgniter->runController(Object(App\Controllers\admin\WishlistController))
 5 SYSTEMPATH\CodeIgniter.php(361): CodeIgniter\CodeIgniter->handleRequest(null, Object(Config\Cache), false)
 6 FCPATH\index.php(79): CodeIgniter\CodeIgniter->run()
CRITICAL - 2024-12-22 12:29:02 --> ErrorException: array_merge(): Expected parameter 2 to be an array, null given
in APPPATH\Controllers\admin\WishlistController.php on line 70.
 1 [internal function]: CodeIgniter\Debug\Exceptions->errorHandler(2, 'array_merge(): Expected parameter 2 to be an array, null given', 'C:\\xampp\\htdocs\\ci4projects\\adventure_final\\app\\Controllers\\admin\\WishlistController.php', 70, [...])
 2 APPPATH\Controllers\admin\WishlistController.php(70): array_merge([...], null)
 3 SYSTEMPATH\CodeIgniter.php(941): App\Controllers\admin\WishlistController->getWishlistData()
 4 SYSTEMPATH\CodeIgniter.php(502): CodeIgniter\CodeIgniter->runController(Object(App\Controllers\admin\WishlistController))
 5 SYSTEMPATH\CodeIgniter.php(361): CodeIgniter\CodeIgniter->handleRequest(null, Object(Config\Cache), false)
 6 FCPATH\index.php(79): CodeIgniter\CodeIgniter->run()
CRITICAL - 2024-12-22 12:54:35 --> ErrorException: count(): Parameter must be an array or an object that implements Countable
in APPPATH\Controllers\admin\WishlistController.php on line 50.
 1 [internal function]: CodeIgniter\Debug\Exceptions->errorHandler(2, 'count(): Parameter must be an array or an object that implements Countable', 'C:\\xampp\\htdocs\\ci4projects\\adventure_final\\app\\Controllers\\admin\\WishlistController.php', 50, [...])
 2 APPPATH\Controllers\admin\WishlistController.php(50): count(null)
 3 SYSTEMPATH\CodeIgniter.php(941): App\Controllers\admin\WishlistController->getWishlistData()
 4 SYSTEMPATH\CodeIgniter.php(502): CodeIgniter\CodeIgniter->runController(Object(App\Controllers\admin\WishlistController))
 5 SYSTEMPATH\CodeIgniter.php(361): CodeIgniter\CodeIgniter->handleRequest(null, Object(Config\Cache), false)
 6 FCPATH\index.php(79): CodeIgniter\CodeIgniter->run()
CRITICAL - 2024-12-22 12:55:02 --> ErrorException: count(): Parameter must be an array or an object that implements Countable
in APPPATH\Controllers\admin\WishlistController.php on line 50.
 1 [internal function]: CodeIgniter\Debug\Exceptions->errorHandler(2, 'count(): Parameter must be an array or an object that implements Countable', 'C:\\xampp\\htdocs\\ci4projects\\adventure_final\\app\\Controllers\\admin\\WishlistController.php', 50, [...])
 2 APPPATH\Controllers\admin\WishlistController.php(50): count(null)
 3 SYSTEMPATH\CodeIgniter.php(941): App\Controllers\admin\WishlistController->getWishlistData()
 4 SYSTEMPATH\CodeIgniter.php(502): CodeIgniter\CodeIgniter->runController(Object(App\Controllers\admin\WishlistController))
 5 SYSTEMPATH\CodeIgniter.php(361): CodeIgniter\CodeIgniter->handleRequest(null, Object(Config\Cache), false)
 6 FCPATH\index.php(79): CodeIgniter\CodeIgniter->run()
CRITICAL - 2024-12-22 12:55:05 --> ErrorException: count(): Parameter must be an array or an object that implements Countable
in APPPATH\Controllers\admin\WishlistController.php on line 50.
 1 [internal function]: CodeIgniter\Debug\Exceptions->errorHandler(2, 'count(): Parameter must be an array or an object that implements Countable', 'C:\\xampp\\htdocs\\ci4projects\\adventure_final\\app\\Controllers\\admin\\WishlistController.php', 50, [...])
 2 APPPATH\Controllers\admin\WishlistController.php(50): count(null)
 3 SYSTEMPATH\CodeIgniter.php(941): App\Controllers\admin\WishlistController->getWishlistData()
 4 SYSTEMPATH\CodeIgniter.php(502): CodeIgniter\CodeIgniter->runController(Object(App\Controllers\admin\WishlistController))
 5 SYSTEMPATH\CodeIgniter.php(361): CodeIgniter\CodeIgniter->handleRequest(null, Object(Config\Cache), false)
 6 FCPATH\index.php(79): CodeIgniter\CodeIgniter->run()
CRITICAL - 2024-12-22 13:42:38 --> ErrorException: Maximum execution time of 120 seconds exceeded
in SYSTEMPATH\Database\MySQLi\Connection.php on line 306.
 1 [internal function]: CodeIgniter\Debug\Exceptions->shutdownHandler()
CRITICAL - 2024-12-22 13:43:13 --> ErrorException: Maximum execution time of 120 seconds exceeded
in SYSTEMPATH\Database\MySQLi\Connection.php on line 306.
 1 [internal function]: CodeIgniter\Debug\Exceptions->shutdownHandler()
CRITICAL - 2024-12-22 13:45:14 --> ErrorException: Maximum execution time of 120 seconds exceeded
in SYSTEMPATH\Database\MySQLi\Connection.php on line 306.
 1 [internal function]: CodeIgniter\Debug\Exceptions->shutdownHandler()
CRITICAL - 2024-12-22 13:47:15 --> ErrorException: Maximum execution time of 120 seconds exceeded
in SYSTEMPATH\Database\MySQLi\Connection.php on line 306.
 1 [internal function]: CodeIgniter\Debug\Exceptions->shutdownHandler()
